#
# There is insufficient memory for the Java Runtime Environment to continue.
# Native memory allocation (malloc) failed to allocate 32744 bytes for ChunkPool::allocate
# Possible reasons:
#   The system is out of physical RAM or swap space
#   The process is running with CompressedOops enabled, and the Java Heap may be blocking the growth of the native heap
# Possible solutions:
#   Reduce memory load on the system
#   Increase physical memory or swap space
#   Check if swap backing store is full
#   Decrease Java heap size (-Xmx/-Xms)
#   Decrease number of Java threads
#   Decrease Java thread stack sizes (-Xss)
#   Set larger code cache with -XX:ReservedCodeCacheSize=
#   JVM is running with Unscaled Compressed Oops mode in which the Java heap is
#     placed in the first 4GB address space. The Java Heap base address is the
#     maximum limit for the native heap growth. Please use -XX:HeapBaseMinAddress
#     to set the Java Heap base and to place the Java Heap above 4GB virtual address.
# This output file may be truncated or incomplete.
#
#  Out of Memory Error (allocation.cpp:273), pid=6596, tid=0x00000000000021bc
#
# JRE version: Java(TM) SE Runtime Environment (8.0_201-b09) (build 1.8.0_201-b09)
# Java VM: Java HotSpot(TM) 64-Bit Server VM (25.201-b09 mixed mode windows-amd64 compressed oops)
# Failed to write core dump. Minidumps are not enabled by default on client versions of Windows
#

---------------  T H R E A D  ---------------

Current thread (0x00000000179ef000):  JavaThread "C2 CompilerThread1" daemon [_thread_in_native, id=8636, stack(0x0000000019130000,0x0000000019230000)]

Stack: [0x0000000019130000,0x0000000019230000]
[error occurred during error reporting (printing stack bounds), id 0xc0000005]

Native frames: (J=compiled Java code, j=interpreted, Vv=VM code, C=native code)


Current CompileTask:
C2:   9800 3473       4       java.net.URLClassLoader$1::run (5 bytes)


---------------  P R O C E S S  ---------------

Java Threads: ( => current thread )
  0x000000001ad03800 JavaThread "HikariPool-1 connection adder" daemon [_thread_blocked, id=15728, stack(0x000000001f1b0000,0x000000001f2b0000)]
  0x000000001acfe000 JavaThread "HikariPool-1 housekeeper" daemon [_thread_blocked, id=9124, stack(0x000000001f0b0000,0x000000001f1b0000)]
  0x000000001bcdd800 JavaThread "mysql-cj-abandoned-connection-cleanup" daemon [_thread_blocked, id=13800, stack(0x000000001ba40000,0x000000001bb40000)]
  0x0000000019c04000 JavaThread "ReaderThread" [_thread_in_native, id=6540, stack(0x000000001a230000,0x000000001a330000)]
  0x0000000019353800 JavaThread "Service Thread" daemon [_thread_blocked, id=6648, stack(0x0000000019730000,0x0000000019830000)]
  0x00000000179f5000 JavaThread "C1 CompilerThread2" daemon [_thread_blocked, id=6552, stack(0x0000000019230000,0x0000000019330000)]
=>0x00000000179ef000 JavaThread "C2 CompilerThread1" daemon [_thread_in_native, id=8636, stack(0x0000000019130000,0x0000000019230000)]
  0x00000000179ea000 JavaThread "C2 CompilerThread0" daemon [_thread_in_native, id=15328, stack(0x0000000019030000,0x0000000019130000)]
  0x00000000179e8000 JavaThread "Attach Listener" daemon [_thread_blocked, id=13900, stack(0x0000000018f30000,0x0000000019030000)]
  0x00000000179e6800 JavaThread "Signal Dispatcher" daemon [_thread_blocked, id=10644, stack(0x0000000018e30000,0x0000000018f30000)]
  0x00000000179d0800 JavaThread "Finalizer" daemon [_thread_blocked, id=13888, stack(0x0000000018c30000,0x0000000018d30000)]
  0x00000000179a8800 JavaThread "Reference Handler" daemon [_thread_blocked, id=7568, stack(0x0000000018b30000,0x0000000018c30000)]
  0x0000000002daa000 JavaThread "main" [_thread_in_native, id=6600, stack(0x0000000002bf0000,0x0000000002cf0000)]

Other Threads:
  0x00000000179a7800 VMThread [stack: 0x0000000018a30000,0x0000000018b30000] [id=252]
  0x0000000017a3e800 WatcherThread [stack: 0x0000000019830000,0x0000000019930000] [id=8048]

VM state:not at safepoint (normal execution)

VM Mutex/Monitor currently owned by a thread: None

heap address: 0x0000000081a00000, size: 2022 MB, Compressed Oops mode: 32-bit
Narrow klass base: 0x0000000000000000, Narrow klass shift: 3
Compressed class space size: 1073741824 Address: 0x0000000100000000

Heap:
 PSYoungGen      total 193024K, used 39141K [0x00000000d5e00000, 0x00000000e3e80000, 0x0000000100000000)
  eden space 182272K, 21% used [0x00000000d5e00000,0x00000000d8439430,0x00000000e1000000)
  from space 10752K, 0% used [0x00000000e1c80000,0x00000000e1c80000,0x00000000e2700000)
  to   space 12800K, 0% used [0x00000000e1000000,0x00000000e1000000,0x00000000e1c80000)
 ParOldGen       total 81408K, used 16145K [0x0000000081a00000, 0x0000000086980000, 0x00000000d5e00000)
  object space 81408K, 19% used [0x0000000081a00000,0x00000000829c47e0,0x0000000086980000)
 Metaspace       used 38246K, capacity 39746K, committed 39936K, reserved 1083392K
  class space    used 5256K, capacity 5550K, committed 5632K, reserved 1048576K

Card table byte_map: [0x0000000012260000,0x0000000012660000] byte_map_base: 0x0000000011e53000

Marking Bits: (ParMarkBitMap*) 0x0000000052b04ce0
 Begin Bits: [0x0000000012d10000, 0x0000000014ca8000)
 End Bits:   [0x0000000014ca8000, 0x0000000016c40000)

Polling page: 0x0000000000f40000

CodeCache: size=245760Kb used=11977Kb max_used=12121Kb free=233782Kb
 bounds [0x0000000002ea0000, 0x0000000003a80000, 0x0000000011ea0000]
 total_blobs=3863 nmethods=3410 adapters=364
 compilation: enabled

Compilation events (10 events):
Event: 9.792 Thread 0x00000000179f5000 3479       3       com.mysql.cj.protocol.a.NativePacketPayload::readBytes (68 bytes)
Event: 9.792 Thread 0x00000000179f5000 nmethod 3479 0x0000000002fd6890 code [0x0000000002fd6a00, 0x0000000002fd6da8]
Event: 9.792 Thread 0x00000000179f5000 3482       1       com.mysql.cj.protocol.a.NativePacketPayload::getPayloadLength (5 bytes)
Event: 9.793 Thread 0x00000000179f5000 nmethod 3482 0x000000000302fed0 code [0x0000000003030020, 0x0000000003030130]
Event: 9.793 Thread 0x00000000179f5000 3483       1       com.mysql.cj.protocol.a.TextRowFactory::canReuseRowPacketForBufferRow (5 bytes)
Event: 9.793 Thread 0x00000000179f5000 nmethod 3483 0x0000000003031850 code [0x00000000030319a0, 0x0000000003031ab0]
Event: 9.793 Thread 0x00000000179f5000 3485       3       com.mysql.cj.protocol.a.TimeTrackingPacketReader::readHeader (5 bytes)
Event: 9.793 Thread 0x00000000179f5000 nmethod 3485 0x0000000002fdd650 code [0x0000000002fdd7c0, 0x0000000002fddb28]
Event: 9.793 Thread 0x00000000179f5000 3486       3       com.mysql.cj.protocol.a.TimeTrackingPacketReader::readHeader (13 bytes)
Event: 9.793 Thread 0x00000000179f5000 nmethod 3486 0x0000000002fd0510 code [0x0000000002fd0680, 0x0000000002fd0988]

GC Heap History (10 events):
Event: 2.807 GC heap before
{Heap before GC invocations=6 (full 1):
 PSYoungGen      total 71680K, used 5107K [0x00000000d5e00000, 0x00000000df100000, 0x0000000100000000)
  eden space 66560K, 0% used [0x00000000d5e00000,0x00000000d5e00000,0x00000000d9f00000)
  from space 5120K, 99% used [0x00000000d9f00000,0x00000000da3fce68,0x00000000da400000)
  to   space 8704K, 0% used [0x00000000de880000,0x00000000de880000,0x00000000df100000)
 ParOldGen       total 87552K, used 5245K [0x0000000081a00000, 0x0000000086f80000, 0x00000000d5e00000)
  object space 87552K, 5% used [0x0000000081a00000,0x0000000081f1f6d0,0x0000000086f80000)
 Metaspace       used 20490K, capacity 21210K, committed 21296K, reserved 1067008K
  class space    used 2673K, capacity 2866K, committed 2944K, reserved 1048576K
Event: 2.845 GC heap after
Heap after GC invocations=6 (full 1):
 PSYoungGen      total 71680K, used 0K [0x00000000d5e00000, 0x00000000df100000, 0x0000000100000000)
  eden space 66560K, 0% used [0x00000000d5e00000,0x00000000d5e00000,0x00000000d9f00000)
  from space 5120K, 0% used [0x00000000d9f00000,0x00000000d9f00000,0x00000000da400000)
  to   space 8704K, 0% used [0x00000000de880000,0x00000000de880000,0x00000000df100000)
 ParOldGen       total 53760K, used 6816K [0x0000000081a00000, 0x0000000084e80000, 0x00000000d5e00000)
  object space 53760K, 12% used [0x0000000081a00000,0x00000000820a81a0,0x0000000084e80000)
 Metaspace       used 20490K, capacity 21210K, committed 21296K, reserved 1067008K
  class space    used 2673K, capacity 2866K, committed 2944K, reserved 1048576K
}
Event: 3.367 GC heap before
{Heap before GC invocations=7 (full 1):
 PSYoungGen      total 71680K, used 66510K [0x00000000d5e00000, 0x00000000df100000, 0x0000000100000000)
  eden space 66560K, 99% used [0x00000000d5e00000,0x00000000d9ef3928,0x00000000d9f00000)
  from space 5120K, 0% used [0x00000000d9f00000,0x00000000d9f00000,0x00000000da400000)
  to   space 8704K, 0% used [0x00000000de880000,0x00000000de880000,0x00000000df100000)
 ParOldGen       total 53760K, used 6816K [0x0000000081a00000, 0x0000000084e80000, 0x00000000d5e00000)
  object space 53760K, 12% used [0x0000000081a00000,0x00000000820a81a0,0x0000000084e80000)
 Metaspace       used 22701K, capacity 23442K, committed 23680K, reserved 1069056K
  class space    used 3001K, capacity 3198K, committed 3200K, reserved 1048576K
Event: 3.385 GC heap after
Heap after GC invocations=7 (full 1):
 PSYoungGen      total 116736K, used 3778K [0x00000000d5e00000, 0x00000000dec80000, 0x0000000100000000)
  eden space 112640K, 0% used [0x00000000d5e00000,0x00000000d5e00000,0x00000000dcc00000)
  from space 4096K, 92% used [0x00000000de880000,0x00000000dec30b10,0x00000000dec80000)
  to   space 8704K, 0% used [0x00000000ddb80000,0x00000000ddb80000,0x00000000de400000)
 ParOldGen       total 53760K, used 6816K [0x0000000081a00000, 0x0000000084e80000, 0x00000000d5e00000)
  object space 53760K, 12% used [0x0000000081a00000,0x00000000820a81a0,0x0000000084e80000)
 Metaspace       used 22701K, capacity 23442K, committed 23680K, reserved 1069056K
  class space    used 3001K, capacity 3198K, committed 3200K, reserved 1048576K
}
Event: 6.312 GC heap before
{Heap before GC invocations=8 (full 1):
 PSYoungGen      total 116736K, used 116418K [0x00000000d5e00000, 0x00000000dec80000, 0x0000000100000000)
  eden space 112640K, 100% used [0x00000000d5e00000,0x00000000dcc00000,0x00000000dcc00000)
  from space 4096K, 92% used [0x00000000de880000,0x00000000dec30b10,0x00000000dec80000)
  to   space 8704K, 0% used [0x00000000ddb80000,0x00000000ddb80000,0x00000000de400000)
 ParOldGen       total 53760K, used 6816K [0x0000000081a00000, 0x0000000084e80000, 0x00000000d5e00000)
  object space 53760K, 12% used [0x0000000081a00000,0x00000000820a81a0,0x0000000084e80000)
 Metaspace       used 29024K, capacity 30272K, committed 30592K, reserved 1075200K
  class space    used 3839K, capacity 4097K, committed 4224K, reserved 1048576K
Event: 6.323 GC heap after
Heap after GC invocations=8 (full 1):
 PSYoungGen      total 137216K, used 8687K [0x00000000d5e00000, 0x00000000e2700000, 0x0000000100000000)
  eden space 128512K, 0% used [0x00000000d5e00000,0x00000000d5e00000,0x00000000ddb80000)
  from space 8704K, 99% used [0x00000000ddb80000,0x00000000de3fbff8,0x00000000de400000)
  to   space 10752K, 0% used [0x00000000e1c80000,0x00000000e1c80000,0x00000000e2700000)
 ParOldGen       total 53760K, used 8897K [0x0000000081a00000, 0x0000000084e80000, 0x00000000d5e00000)
  object space 53760K, 16% used [0x0000000081a00000,0x00000000822b0728,0x0000000084e80000)
 Metaspace       used 29024K, capacity 30272K, committed 30592K, reserved 1075200K
  class space    used 3839K, capacity 4097K, committed 4224K, reserved 1048576K
}
Event: 8.097 GC heap before
{Heap before GC invocations=9 (full 1):
 PSYoungGen      total 137216K, used 57279K [0x00000000d5e00000, 0x00000000e2700000, 0x0000000100000000)
  eden space 128512K, 37% used [0x00000000d5e00000,0x00000000d8d73f10,0x00000000ddb80000)
  from space 8704K, 99% used [0x00000000ddb80000,0x00000000de3fbff8,0x00000000de400000)
  to   space 10752K, 0% used [0x00000000e1c80000,0x00000000e1c80000,0x00000000e2700000)
 ParOldGen       total 53760K, used 8897K [0x0000000081a00000, 0x0000000084e80000, 0x00000000d5e00000)
  object space 53760K, 16% used [0x0000000081a00000,0x00000000822b0728,0x0000000084e80000)
 Metaspace       used 33900K, capacity 35330K, committed 35456K, reserved 1079296K
  class space    used 4365K, capacity 4664K, committed 4736K, reserved 1048576K
Event: 8.110 GC heap after
Heap after GC invocations=9 (full 1):
 PSYoungGen      total 193024K, used 10744K [0x00000000d5e00000, 0x00000000e3e80000, 0x0000000100000000)
  eden space 182272K, 0% used [0x00000000d5e00000,0x00000000d5e00000,0x00000000e1000000)
  from space 10752K, 99% used [0x00000000e1c80000,0x00000000e26fe338,0x00000000e2700000)
  to   space 12800K, 0% used [0x00000000e1000000,0x00000000e1000000,0x00000000e1c80000)
 ParOldGen       total 53760K, used 9703K [0x0000000081a00000, 0x0000000084e80000, 0x00000000d5e00000)
  object space 53760K, 18% used [0x0000000081a00000,0x0000000082379ee0,0x0000000084e80000)
 Metaspace       used 33900K, capacity 35330K, committed 35456K, reserved 1079296K
  class space    used 4365K, capacity 4664K, committed 4736K, reserved 1048576K
}
Event: 8.110 GC heap before
{Heap before GC invocations=10 (full 2):
 PSYoungGen      total 193024K, used 10744K [0x00000000d5e00000, 0x00000000e3e80000, 0x0000000100000000)
  eden space 182272K, 0% used [0x00000000d5e00000,0x00000000d5e00000,0x00000000e1000000)
  from space 10752K, 99% used [0x00000000e1c80000,0x00000000e26fe338,0x00000000e2700000)
  to   space 12800K, 0% used [0x00000000e1000000,0x00000000e1000000,0x00000000e1c80000)
 ParOldGen       total 53760K, used 9703K [0x0000000081a00000, 0x0000000084e80000, 0x00000000d5e00000)
  object space 53760K, 18% used [0x0000000081a00000,0x0000000082379ee0,0x0000000084e80000)
 Metaspace       used 33900K, capacity 35330K, committed 35456K, reserved 1079296K
  class space    used 4365K, capacity 4664K, committed 4736K, reserved 1048576K
Event: 8.187 GC heap after
Heap after GC invocations=10 (full 2):
 PSYoungGen      total 193024K, used 0K [0x00000000d5e00000, 0x00000000e3e80000, 0x0000000100000000)
  eden space 182272K, 0% used [0x00000000d5e00000,0x00000000d5e00000,0x00000000e1000000)
  from space 10752K, 0% used [0x00000000e1c80000,0x00000000e1c80000,0x00000000e2700000)
  to   space 12800K, 0% used [0x00000000e1000000,0x00000000e1000000,0x00000000e1c80000)
 ParOldGen       total 81408K, used 16145K [0x0000000081a00000, 0x0000000086980000, 0x00000000d5e00000)
  object space 81408K, 19% used [0x0000000081a00000,0x00000000829c47e0,0x0000000086980000)
 Metaspace       used 33900K, capacity 35330K, committed 35456K, reserved 1079296K
  class space    used 4365K, capacity 4664K, committed 4736K, reserved 1048576K
}

Deoptimization events (10 events):
Event: 6.826 Thread 0x0000000002daa000 Uncommon trap: reason=class_check action=maybe_recompile pc=0x00000000037d47e0 method=java.util.concurrent.ConcurrentHashMap.putVal(Ljava/lang/Object;Ljava/lang/Object;Z)Ljava/lang/Object; @ 192
Event: 6.941 Thread 0x0000000002daa000 Uncommon trap: reason=bimorphic action=maybe_recompile pc=0x000000000343b8c4 method=java.util.regex.Matcher.match(II)Z @ 86
Event: 6.987 Thread 0x0000000002daa000 Uncommon trap: reason=bimorphic action=maybe_recompile pc=0x000000000343b8c4 method=java.util.regex.Matcher.match(II)Z @ 86
Event: 6.988 Thread 0x0000000002daa000 Uncommon trap: reason=bimorphic action=maybe_recompile pc=0x000000000343b8c4 method=java.util.regex.Matcher.match(II)Z @ 86
Event: 6.989 Thread 0x0000000002daa000 Uncommon trap: reason=bimorphic action=maybe_recompile pc=0x000000000343b8c4 method=java.util.regex.Matcher.match(II)Z @ 86
Event: 7.476 Thread 0x0000000002daa000 Uncommon trap: reason=unstable_if action=reinterpret pc=0x0000000003466f54 method=sun.misc.ASCIICaseInsensitiveComparator.compare(Ljava/lang/String;Ljava/lang/String;)I @ 83
Event: 7.632 Thread 0x0000000002daa000 Uncommon trap: reason=unstable_if action=reinterpret pc=0x00000000039899e0 method=java.util.Properties.loadConvert([CII[C)Ljava/lang/String; @ 57
Event: 7.632 Thread 0x0000000002daa000 Uncommon trap: reason=unstable_if action=reinterpret pc=0x00000000034d6dd4 method=java.util.Properties.loadConvert([CII[C)Ljava/lang/String; @ 57
Event: 7.748 Thread 0x000000001ad03800 Uncommon trap: reason=unstable_if action=reinterpret pc=0x0000000003621c88 method=java.util.LinkedHashMap.get(Ljava/lang/Object;)Ljava/lang/Object; @ 20
Event: 8.748 Thread 0x0000000002daa000 Uncommon trap: reason=unstable_if action=reinterpret pc=0x000000000340e8c0 method=java.lang.ClassLoader.getClassLoadingLock(Ljava/lang/String;)Ljava/lang/Object; @ 6

Classes redefined (0 events):
No events

Internal exceptions (10 events):
Event: 7.736 Thread 0x0000000002daa000 Exception <a 'java/lang/ClassNotFoundException': org/springframework/beans/factory/BeanClassLoaderAwareCustomizer> (0x00000000d8332c70) thrown at [C:\re\workspace\8-2-build-windows-amd64-cygwin\jdk8u201\12322\hotspot\src\share\vm\classfile\systemDictionar
Event: 7.737 Thread 0x0000000002daa000 Exception <a 'java/lang/ClassNotFoundException': org/springframework/beans/factory/AwareCustomizer> (0x00000000d83504c8) thrown at [C:\re\workspace\8-2-build-windows-amd64-cygwin\jdk8u201\12322\hotspot\src\share\vm\classfile\systemDictionary.cpp, line 210
Event: 7.737 Thread 0x0000000002daa000 Exception <a 'java/lang/ClassNotFoundException': org/springframework/beans/factory/BeanFactoryAwareCustomizer> (0x00000000d8370ff8) thrown at [C:\re\workspace\8-2-build-windows-amd64-cygwin\jdk8u201\12322\hotspot\src\share\vm\classfile\systemDictionary.cp
Event: 7.737 Thread 0x0000000002daa000 Exception <a 'java/lang/ClassNotFoundException': org/springframework/beans/factory/AwareCustomizer> (0x00000000d838edb0) thrown at [C:\re\workspace\8-2-build-windows-amd64-cygwin\jdk8u201\12322\hotspot\src\share\vm\classfile\systemDictionary.cpp, line 210
Event: 7.738 Thread 0x0000000002daa000 Exception <a 'java/lang/ClassNotFoundException': org/springframework/beans/factory/BeanNameAwareCustomizer> (0x00000000d83ae268) thrown at [C:\re\workspace\8-2-build-windows-amd64-cygwin\jdk8u201\12322\hotspot\src\share\vm\classfile\systemDictionary.cpp, 
Event: 7.738 Thread 0x0000000002daa000 Exception <a 'java/lang/ClassNotFoundException': org/springframework/beans/factory/AwareCustomizer> (0x00000000d83cbb18) thrown at [C:\re\workspace\8-2-build-windows-amd64-cygwin\jdk8u201\12322\hotspot\src\share\vm\classfile\systemDictionary.cpp, line 210
Event: 7.739 Thread 0x0000000002daa000 Exception <a 'java/lang/ClassNotFoundException': org/springframework/beans/factory/InitializingBeanCustomizer> (0x00000000d83ec648) thrown at [C:\re\workspace\8-2-build-windows-amd64-cygwin\jdk8u201\12322\hotspot\src\share\vm\classfile\systemDictionary.cp
Event: 7.739 Thread 0x0000000002daa000 Exception <a 'java/lang/ClassNotFoundException': org/springframework/beans/factory/DisposableBeanCustomizer> (0x00000000d840c378) thrown at [C:\re\workspace\8-2-build-windows-amd64-cygwin\jdk8u201\12322\hotspot\src\share\vm\classfile\systemDictionary.cpp,
Event: 7.739 Thread 0x0000000002daa000 Exception <a 'java/lang/ClassNotFoundException': org/springframework/orm/jpa/EntityManagerFactoryInfoCustomizer> (0x00000000d842e278) thrown at [C:\re\workspace\8-2-build-windows-amd64-cygwin\jdk8u201\12322\hotspot\src\share\vm\classfile\systemDictionary.
Event: 7.740 Thread 0x0000000002daa000 Exception <a 'java/lang/ClassNotFoundException': org/springframework/dao/support/PersistenceExceptionTranslatorCustomizer> (0x00000000d8460100) thrown at [C:\re\workspace\8-2-build-windows-amd64-cygwin\jdk8u201\12322\hotspot\src\share\vm\classfile\systemD

Events (10 events):
Event: 9.791 loading class com/mysql/cj/exceptions/DataConversionException
Event: 9.791 loading class com/mysql/cj/exceptions/DataConversionException done
Event: 9.791 loading class com/mysql/cj/result/ByteValueFactory
Event: 9.791 loading class com/mysql/cj/result/ByteValueFactory done
Event: 9.792 loading class com/mysql/cj/result/ShortValueFactory
Event: 9.792 loading class com/mysql/cj/result/ShortValueFactory done
Event: 9.792 loading class com/mysql/cj/result/AbstractNumericValueFactory
Event: 9.792 loading class com/mysql/cj/result/AbstractNumericValueFactory done
Event: 9.793 loading class com/mysql/cj/result/IntegerValueFactory
Event: 9.793 loading class com/mysql/cj/result/IntegerValueFactory done


Dynamic libraries:
0x00007ff664230000 - 0x00007ff664267000 	C:\Program Files\Java\jre1.8.0_201\bin\javaw.exe
0x00007ffefbb60000 - 0x00007ffefbd50000 	C:\WINDOWS\SYSTEM32\ntdll.dll
0x00007ffefba60000 - 0x00007ffefbb12000 	C:\WINDOWS\System32\KERNEL32.DLL
0x00007ffef9840000 - 0x00007ffef9ae3000 	C:\WINDOWS\System32\KERNELBASE.dll
0x00007ffefb2b0000 - 0x00007ffefb353000 	C:\WINDOWS\System32\ADVAPI32.dll
0x00007ffefaa80000 - 0x00007ffefab1e000 	C:\WINDOWS\System32\msvcrt.dll
0x00007ffefb1f0000 - 0x00007ffefb287000 	C:\WINDOWS\System32\sechost.dll
0x00007ffefb360000 - 0x00007ffefb480000 	C:\WINDOWS\System32\RPCRT4.dll
0x00007ffefac20000 - 0x00007ffefadb4000 	C:\WINDOWS\System32\USER32.dll
0x00007ffef8e10000 - 0x00007ffef8e31000 	C:\WINDOWS\System32\win32u.dll
0x00007ffefb480000 - 0x00007ffefb4a6000 	C:\WINDOWS\System32\GDI32.dll
0x00007ffef8c70000 - 0x00007ffef8e04000 	C:\WINDOWS\System32\gdi32full.dll
0x00007ffef9af0000 - 0x00007ffef9b8e000 	C:\WINDOWS\System32\msvcp_win.dll
0x00007ffef8af0000 - 0x00007ffef8bea000 	C:\WINDOWS\System32\ucrtbase.dll
0x00007ffeea8e0000 - 0x00007ffeeab65000 	C:\WINDOWS\WinSxS\amd64_microsoft.windows.common-controls_6595b64144ccf1df_6.0.18362.720_none_e6beb5c51314836b\COMCTL32.dll
0x00007ffefaeb0000 - 0x00007ffefb1e6000 	C:\WINDOWS\System32\combase.dll
0x00007ffef9670000 - 0x00007ffef96f0000 	C:\WINDOWS\System32\bcryptPrimitives.dll
0x00007ffefab80000 - 0x00007ffefabae000 	C:\WINDOWS\System32\IMM32.DLL
0x0000000052120000 - 0x00000000521f1000 	C:\Program Files\Java\jre1.8.0_201\bin\msvcr100.dll
0x00000000522e0000 - 0x0000000052b84000 	C:\Program Files\Java\jre1.8.0_201\bin\server\jvm.dll
0x00007ffefa9c0000 - 0x00007ffefa9c8000 	C:\WINDOWS\System32\PSAPI.DLL
0x00007ffed6510000 - 0x00007ffed6519000 	C:\WINDOWS\SYSTEM32\WSOCK32.dll
0x00007ffefadc0000 - 0x00007ffefae2f000 	C:\WINDOWS\System32\WS2_32.dll
0x00007ffef5410000 - 0x00007ffef5434000 	C:\WINDOWS\SYSTEM32\WINMM.dll
0x00007ffeeb570000 - 0x00007ffeeb57a000 	C:\WINDOWS\SYSTEM32\VERSION.dll
0x00007ffef53e0000 - 0x00007ffef540d000 	C:\WINDOWS\SYSTEM32\WINMMBASE.dll
0x00007ffef9b90000 - 0x00007ffef9bda000 	C:\WINDOWS\System32\cfgmgr32.dll
0x00007ffec7e60000 - 0x00007ffec7e6f000 	C:\Program Files\Java\jre1.8.0_201\bin\verify.dll
0x00007ffec7e30000 - 0x00007ffec7e59000 	C:\Program Files\Java\jre1.8.0_201\bin\java.dll
0x00007ffec7e10000 - 0x00007ffec7e26000 	C:\Program Files\Java\jre1.8.0_201\bin\zip.dll
0x00007ffef9c10000 - 0x00007ffefa2f5000 	C:\WINDOWS\System32\SHELL32.dll
0x00007ffefa360000 - 0x00007ffefa409000 	C:\WINDOWS\System32\shcore.dll
0x00007ffef8ef0000 - 0x00007ffef9670000 	C:\WINDOWS\System32\windows.storage.dll
0x00007ffef8ac0000 - 0x00007ffef8ae3000 	C:\WINDOWS\System32\profapi.dll
0x00007ffef8a50000 - 0x00007ffef8a9a000 	C:\WINDOWS\System32\powrprof.dll
0x00007ffef8a20000 - 0x00007ffef8a30000 	C:\WINDOWS\System32\UMPDC.dll
0x00007ffefab20000 - 0x00007ffefab72000 	C:\WINDOWS\System32\shlwapi.dll
0x00007ffef8a30000 - 0x00007ffef8a41000 	C:\WINDOWS\System32\kernel.appcore.dll
0x00007ffef8c50000 - 0x00007ffef8c67000 	C:\WINDOWS\System32\cryptsp.dll
0x00007ffef54d0000 - 0x00007ffef54ea000 	C:\Program Files\Java\jre1.8.0_201\bin\net.dll
0x00007ffee7c80000 - 0x00007ffee7e55000 	C:\WINDOWS\SYSTEM32\urlmon.dll
0x00007ffee7f80000 - 0x00007ffee8226000 	C:\WINDOWS\SYSTEM32\iertutil.dll
0x00007ffef8460000 - 0x00007ffef846c000 	C:\WINDOWS\SYSTEM32\CRYPTBASE.DLL
0x00007ffef8290000 - 0x00007ffef82f7000 	C:\WINDOWS\system32\mswsock.dll
0x00007ffeeb550000 - 0x00007ffeeb561000 	C:\Program Files\Java\jre1.8.0_201\bin\nio.dll
0x00007ffef5080000 - 0x00007ffef508d000 	C:\Program Files\Java\jre1.8.0_201\bin\management.dll
0x00007ffef36e0000 - 0x00007ffef36f6000 	C:\WINDOWS\system32\napinsp.dll
0x00007ffef36c0000 - 0x00007ffef36da000 	C:\WINDOWS\system32\pnrpnsp.dll
0x00007ffef7fe0000 - 0x00007ffef80aa000 	C:\WINDOWS\SYSTEM32\DNSAPI.dll
0x00007ffefb4b0000 - 0x00007ffefb4b8000 	C:\WINDOWS\System32\NSI.dll
0x00007ffef7fa0000 - 0x00007ffef7fda000 	C:\WINDOWS\SYSTEM32\IPHLPAPI.DLL
0x00007ffef36b0000 - 0x00007ffef36be000 	C:\WINDOWS\System32\winrnr.dll
0x00007ffef4f90000 - 0x00007ffef4fac000 	C:\WINDOWS\system32\NLAapi.dll
0x00007ffef3ef0000 - 0x00007ffef3f05000 	C:\WINDOWS\system32\wshbth.dll
0x00007ffeeb0b0000 - 0x00007ffeeb0ba000 	C:\Windows\System32\rasadhlp.dll
0x00007ffeecb00000 - 0x00007ffeecb77000 	C:\WINDOWS\System32\fwpuclnt.dll
0x00007ffef9be0000 - 0x00007ffef9c06000 	C:\WINDOWS\System32\bcrypt.dll
0x00007ffef7e00000 - 0x00007ffef7e33000 	C:\WINDOWS\system32\rsaenh.dll
0x00007ffef8940000 - 0x00007ffef8965000 	C:\WINDOWS\SYSTEM32\USERENV.dll
0x00007ffeecda0000 - 0x00007ffeecdb6000 	C:\WINDOWS\SYSTEM32\dhcpcsvc6.DLL
0x00007ffeece70000 - 0x00007ffeece8c000 	C:\WINDOWS\SYSTEM32\dhcpcsvc.DLL

VM Arguments:
jvm_args: -ea -Dfile.encoding=Cp1252 
java_command: org.eclipse.jdt.internal.junit.runner.RemoteTestRunner -version 3 -port 51255 -testLoaderClass org.eclipse.jdt.internal.junit4.runner.JUnit4TestLoader -loaderpluginname org.eclipse.jdt.junit4.runtime -classNames com.ims.service.impl.JobRequirmentServiceImpl
java_class_path (initial): D:\ims_gradle\bin\main;D:\ims_gradle\bin\test;C:\Users\Aarshi\.gradle\caches\modules-2\files-2.1\org.springframework.boot\spring-boot-starter-data-jpa\2.2.4.RELEASE\374fc811a6e64632593cae83fe6786b1b93b574\spring-boot-starter-data-jpa-2.2.4.RELEASE.jar;C:\Users\Aarshi\.gradle\caches\modules-2\files-2.1\mysql\mysql-connector-java\8.0.19\9af69ef0f68eae737351ff55c0ba6e23a06826a5\mysql-connector-java-8.0.19.jar;C:\Users\Aarshi\.gradle\caches\modules-2\files-2.1\com.sun.mail\javax.mail\1.4.5\60c749de4ffdb368356d3db06f9bb34f311824ae\javax.mail-1.4.5.jar;C:\Users\Aarshi\.gradle\caches\modules-2\files-2.1\org.mindrot\jbcrypt\0.4\af7e61017f73abb18ac4e036954f9f28c6366c07\jbcrypt-0.4.jar;C:\Users\Aarshi\.gradle\caches\modules-2\files-2.1\org.jasypt\jasypt\1.4.1\f52a2e7471ce9858ddf622dfd8e078e93bf8252b\jasypt-1.4.1.jar;C:\Users\Aarshi\.gradle\caches\modules-2\files-2.1\org.apache.poi\poi-ooxml\3.11\e87975291fbb65888468b09fda2cf00e2996c2a0\poi-ooxml-3.11.jar;C:\Users\Aarshi\.gradle\caches\modules-2\files-2.1\org.apache.poi\poi\3.11\51058d9db469437a5ed0aa508e7de8937019e1d9\poi-3.11.jar;C:\Users\Aarshi\.gradle\caches\modules-2\files-2.1\org.springframework.boot\spring-boot-starter-thymeleaf\2.2.4.RELEASE\168d71302f3227702e8a2d74841136c6e0814d81\spring-boot-starter-thymeleaf-2.2.4.RELEASE.jar;C:\Users\Aarshi\.gradle\caches\modules-2\files-2.1\org.springframework.boot\spring-boot-starter-web\2.2.4.RELEASE\ec75d01d212b5229c16d872fb127744c0ed46ed8\spring-boot-starter-web-2.2.4.RELEASE.jar;C:\Users\Aarshi\.gradle\caches\modules-2\files-2.1\org.springframework.boot\spring-boot-starter-aop\2.2.4.RELEASE\26fe8208e070eb17e48e101f812c4519103165a\spring-boot-starter-aop-2.2.4.RELEASE.jar;C:\Users\Aarshi\.gradle\caches\modules-2\files-2.1\org.springframework.boot\spring-boot-starter-jdbc\2.2.4.RELEASE\2391d4f6f338b1eee003f0aadfcd4124cd3ed191\spring-boot-starter-jdbc-2.2.4.RELEASE.jar;C:\Users\Aarshi\.gradle\caches\modules-2\files-2.1\org.hibernate\hibernate-core\5.
Launcher Type: SUN_STANDARD

Environment Variables:
PATH=C:/Program Files/Java/jre1.8.0_201/bin/server;C:/Program Files/Java/jre1.8.0_201/bin;C:/Program Files/Java/jre1.8.0_201/lib/amd64;"C:\Program Files (x86)\Common Files\Oracle\Java\javapath\;C:\Program Files\Java\jdk1.8.0_201\bin";C:\Program Files (x86)\Intel\Intel(R) Management Engine Components\iCLS\;C:\Program Files\Intel\Intel(R) Management Engine Components\iCLS\;C:\WINDOWS\system32;C:\WINDOWS;C:\WINDOWS\System32\Wbem;C:\WINDOWS\System32\WindowsPowerShell\v1.0\;C:\WINDOWS\System32\OpenSSH\;C:\Program Files (x86)\Intel\Intel(R) Management Engine Components\DAL;C:\Program Files\Intel\Intel(R) Management Engine Components\DAL;C:\Program Files (x86)\Intel\Intel(R) Management Engine Components\IPT;C:\Program Files\Intel\Intel(R) Management Engine Components\IPT;C:\Program Files\Java\jdk1.8.0_201\bin;C:\Program Files\Git\cmd;C:\Program Files\nodejs\;C:\Users\Aarshi\AppData\Local\Microsoft\WindowsApps;C:\Users\Aarshi\AppData\Roaming\npm;C:\Users\Aarshi\AppData\Local\Programs\Microsoft VS Code\bin;C:\WINDOWS\system32;
USERNAME=Aarshi
OS=Windows_NT
PROCESSOR_IDENTIFIER=Intel64 Family 6 Model 78 Stepping 3, GenuineIntel



---------------  S Y S T E M  ---------------

OS: Windows 10.0 , 64 bit Build 18362 (10.0.18362.329)

CPU:total 4 (initial active 4) (2 cores per cpu, 2 threads per core) family 6 model 78 stepping 3, cmov, cx8, fxsr, mmx, sse, sse2, sse3, ssse3, sse4.1, sse4.2, popcnt, avx, avx2, aes, clmul, erms, 3dnowpref, lzcnt, ht, tsc, tscinvbit, bmi1, bmi2, adx

Memory: 4k page, physical 8277912k(573144k free), swap 33443736k(5140k free)

vm_info: Java HotSpot(TM) 64-Bit Server VM (25.201-b09) for windows-amd64 JRE (1.8.0_201-b09), built on Dec 15 2018 18:36:39 by "java_re" with MS VC++ 10.0 (VS2010)

time: Tue Mar 24 13:12:30 2020
timezone: India Standard Time
elapsed time: 9 seconds (0d 0h 0m 9s)

