#
# There is insufficient memory for the Java Runtime Environment to continue.
# Native memory allocation (malloc) failed to allocate 764176 bytes for Chunk::new
# Possible reasons:
#   The system is out of physical RAM or swap space
#   The process is running with CompressedOops enabled, and the Java Heap may be blocking the growth of the native heap
# Possible solutions:
#   Reduce memory load on the system
#   Increase physical memory or swap space
#   Check if swap backing store is full
#   Decrease Java heap size (-Xmx/-Xms)
#   Decrease number of Java threads
#   Decrease Java thread stack sizes (-Xss)
#   Set larger code cache with -XX:ReservedCodeCacheSize=
#   JVM is running with Unscaled Compressed Oops mode in which the Java heap is
#     placed in the first 4GB address space. The Java Heap base address is the
#     maximum limit for the native heap growth. Please use -XX:HeapBaseMinAddress
#     to set the Java Heap base and to place the Java Heap above 4GB virtual address.
# This output file may be truncated or incomplete.
#
#  Out of Memory Error (allocation.cpp:390), pid=12160, tid=0x00000000000012bc
#
# JRE version: Java(TM) SE Runtime Environment (8.0_201-b09) (build 1.8.0_201-b09)
# Java VM: Java HotSpot(TM) 64-Bit Server VM (25.201-b09 mixed mode windows-amd64 compressed oops)
# Failed to write core dump. Minidumps are not enabled by default on client versions of Windows
#

---------------  T H R E A D  ---------------

Current thread (0x0000000019a56000):  JavaThread "C2 CompilerThread0" daemon [_thread_in_native, id=4796, stack(0x000000001a610000,0x000000001a710000)]

Stack: [0x000000001a610000,0x000000001a710000]
[error occurred during error reporting (printing stack bounds), id 0xc0000005]

Native frames: (J=compiled Java code, j=interpreted, Vv=VM code, C=native code)


Current CompileTask:
C2:   6143 3932       4       org.springframework.core.ResolvableType::as (141 bytes)


---------------  P R O C E S S  ---------------

Java Threads: ( => current thread )
  0x000000001a0ad800 JavaThread "ReaderThread" [_thread_in_native, id=1832, stack(0x000000001bae0000,0x000000001bbe0000)]
  0x0000000019b57800 JavaThread "Service Thread" daemon [_thread_blocked, id=3352, stack(0x000000001a910000,0x000000001aa10000)]
  0x0000000019b13000 JavaThread "C1 CompilerThread2" daemon [_thread_blocked, id=7380, stack(0x000000001a810000,0x000000001a910000)]
  0x0000000019b12000 JavaThread "C2 CompilerThread1" daemon [_thread_in_native, id=6892, stack(0x000000001a710000,0x000000001a810000)]
=>0x0000000019a56000 JavaThread "C2 CompilerThread0" daemon [_thread_in_native, id=4796, stack(0x000000001a610000,0x000000001a710000)]
  0x0000000019a59000 JavaThread "org.jacoco.agent.rt.internal_1f1cc91.output.TcpClientOutput" daemon [_thread_in_native, id=2812, stack(0x000000001a510000,0x000000001a610000)]
  0x0000000017e77800 JavaThread "Attach Listener" daemon [_thread_blocked, id=2192, stack(0x00000000193d0000,0x00000000194d0000)]
  0x0000000017e76000 JavaThread "Signal Dispatcher" daemon [_thread_blocked, id=13428, stack(0x00000000192d0000,0x00000000193d0000)]
  0x0000000017e60000 JavaThread "Finalizer" daemon [_thread_blocked, id=6256, stack(0x00000000190d0000,0x00000000191d0000)]
  0x000000000322a000 JavaThread "Reference Handler" daemon [_thread_blocked, id=15640, stack(0x0000000018fd0000,0x00000000190d0000)]
  0x0000000003134000 JavaThread "main" [_thread_blocked, id=8832, stack(0x0000000003010000,0x0000000003110000)]

Other Threads:
  0x0000000017e37800 VMThread [stack: 0x0000000018ed0000,0x0000000018fd0000] [id=5772]
  0x0000000019b4d000 WatcherThread [stack: 0x000000001aa10000,0x000000001ab10000] [id=1336]

VM state:at safepoint (normal execution)

VM Mutex/Monitor currently owned by a thread:  ([mutex/lock_event])
[0x0000000003131950] Threads_lock - owner thread: 0x0000000017e37800
[0x0000000003131550] Heap_lock - owner thread: 0x0000000003134000

OutOfMemory and StackOverflow Exception counts:
OutOfMemoryError java_heap_errors=6

heap address: 0x0000000081a00000, size: 2022 MB, Compressed Oops mode: 32-bit
Narrow klass base: 0x0000000000000000, Narrow klass shift: 3
Compressed class space size: 1073741824 Address: 0x0000000100000000

Heap:
 PSYoungGen      total 189440K, used 2327K [0x00000000d5e00000, 0x00000000e5b00000, 0x0000000100000000)
  eden space 181248K, 1% used [0x00000000d5e00000,0x00000000d6045ca0,0x00000000e0f00000)
  from space 8192K, 0% used [0x00000000e5300000,0x00000000e5300000,0x00000000e5b00000)
  to   space 6144K, 1% used [0x00000000e0f00000,0x00000000e0f10000,0x00000000e1500000)
 ParOldGen       total 53248K, used 10524K [0x0000000081a00000, 0x0000000084e00000, 0x00000000d5e00000)
  object space 53248K, 19% used [0x0000000081a00000,0x0000000082447288,0x0000000084e00000)
 Metaspace       used 33700K, capacity 34904K, committed 35072K, reserved 1085440K
  class space    used 3975K, capacity 4239K, committed 4352K, reserved 1048576K

Card table byte_map: [0x00000000126f0000,0x0000000012af0000] byte_map_base: 0x00000000122e3000

Marking Bits: (ParMarkBitMap*) 0x0000000052b04ce0
 Begin Bits: [0x00000000131a0000, 0x0000000015138000)
 End Bits:   [0x0000000015138000, 0x00000000170d0000)

Polling page: 0x0000000001680000

CodeCache: size=245760Kb used=13899Kb max_used=14005Kb free=231860Kb
 bounds [0x0000000003330000, 0x00000000040f0000, 0x0000000012330000]
 total_blobs=4245 nmethods=3839 adapters=318
 compilation: enabled

Compilation events (10 events):
Event: 6.041 Thread 0x0000000019b12000 nmethod 3935 0x00000000040c4cd0 code [0x00000000040c4e20, 0x00000000040c4f18]
Event: 6.041 Thread 0x0000000019b12000 3936   !   4       java.lang.ClassLoader::loadClass (122 bytes)
Event: 6.057 Thread 0x0000000019b13000 3945       3       org.jacoco.agent.rt.internal_1f1cc91.asm.AnnotationWriter::visit (959 bytes)
Event: 6.060 Thread 0x0000000019b13000 nmethod 3945 0x00000000040e4110 code [0x00000000040e4780, 0x00000000040e9978]
Event: 6.060 Thread 0x0000000019b13000 3946       3       java.lang.reflect.Constructor::hashCode (11 bytes)
Event: 6.060 Thread 0x0000000019b13000 nmethod 3946 0x0000000003544dd0 code [0x0000000003544f60, 0x0000000003545378]
Event: 6.062 Thread 0x0000000019b13000 3947       3       java.util.concurrent.ConcurrentHashMap::remove (8 bytes)
Event: 6.063 Thread 0x0000000019b13000 nmethod 3947 0x0000000003540d10 code [0x0000000003540e80, 0x00000000035410a8]
Event: 6.129 Thread 0x0000000019b13000 3948       3       java.util.zip.ZipFile$ZipFileInputStream::finalize (5 bytes)
Event: 6.130 Thread 0x0000000019b13000 nmethod 3948 0x000000000345c390 code [0x000000000345c500, 0x000000000345c6a8]

GC Heap History (10 events):
Event: 4.217 GC heap before
{Heap before GC invocations=10 (full 1):
 PSYoungGen      total 137728K, used 132096K [0x00000000d5e00000, 0x00000000dea00000, 0x0000000100000000)
  eden space 132096K, 100% used [0x00000000d5e00000,0x00000000ddf00000,0x00000000ddf00000)
  from space 5632K, 0% used [0x00000000de480000,0x00000000de480000,0x00000000dea00000)
  to   space 5632K, 0% used [0x00000000ddf00000,0x00000000ddf00000,0x00000000de480000)
 ParOldGen       total 53248K, used 6405K [0x0000000081a00000, 0x0000000084e00000, 0x00000000d5e00000)
  object space 53248K, 12% used [0x0000000081a00000,0x00000000820416b8,0x0000000084e00000)
 Metaspace       used 24562K, capacity 25306K, committed 25472K, reserved 1071104K
  class space    used 2921K, capacity 3106K, committed 3200K, reserved 1048576K
Event: 4.230 GC heap after
Heap after GC invocations=10 (full 1):
 PSYoungGen      total 137728K, used 5117K [0x00000000d5e00000, 0x00000000e1b80000, 0x0000000100000000)
  eden space 132096K, 0% used [0x00000000d5e00000,0x00000000d5e00000,0x00000000ddf00000)
  from space 5632K, 90% used [0x00000000ddf00000,0x00000000de3ff4f8,0x00000000de480000)
  to   space 6144K, 0% used [0x00000000e1580000,0x00000000e1580000,0x00000000e1b80000)
 ParOldGen       total 53248K, used 6413K [0x0000000081a00000, 0x0000000084e00000, 0x00000000d5e00000)
  object space 53248K, 12% used [0x0000000081a00000,0x00000000820436b8,0x0000000084e00000)
 Metaspace       used 24562K, capacity 25306K, committed 25472K, reserved 1071104K
  class space    used 2921K, capacity 3106K, committed 3200K, reserved 1048576K
}
Event: 4.602 GC heap before
{Heap before GC invocations=11 (full 1):
 PSYoungGen      total 137728K, used 137213K [0x00000000d5e00000, 0x00000000e1b80000, 0x0000000100000000)
  eden space 132096K, 100% used [0x00000000d5e00000,0x00000000ddf00000,0x00000000ddf00000)
  from space 5632K, 90% used [0x00000000ddf00000,0x00000000de3ff4f8,0x00000000de480000)
  to   space 6144K, 0% used [0x00000000e1580000,0x00000000e1580000,0x00000000e1b80000)
 ParOldGen       total 53248K, used 6413K [0x0000000081a00000, 0x0000000084e00000, 0x00000000d5e00000)
  object space 53248K, 12% used [0x0000000081a00000,0x00000000820436b8,0x0000000084e00000)
 Metaspace       used 27347K, capacity 28178K, committed 28288K, reserved 1075200K
  class space    used 3205K, capacity 3418K, committed 3456K, reserved 1048576K
Event: 4.612 GC heap after
Heap after GC invocations=11 (full 1):
 PSYoungGen      total 186880K, used 5328K [0x00000000d5e00000, 0x00000000e1b00000, 0x0000000100000000)
  eden space 181248K, 0% used [0x00000000d5e00000,0x00000000d5e00000,0x00000000e0f00000)
  from space 5632K, 94% used [0x00000000e1580000,0x00000000e1ab41c8,0x00000000e1b00000)
  to   space 6144K, 0% used [0x00000000e0f00000,0x00000000e0f00000,0x00000000e1500000)
 ParOldGen       total 53248K, used 6421K [0x0000000081a00000, 0x0000000084e00000, 0x00000000d5e00000)
  object space 53248K, 12% used [0x0000000081a00000,0x00000000820456b8,0x0000000084e00000)
 Metaspace       used 27347K, capacity 28178K, committed 28288K, reserved 1075200K
  class space    used 3205K, capacity 3418K, committed 3456K, reserved 1048576K
}
Event: 5.981 GC heap before
{Heap before GC invocations=12 (full 1):
 PSYoungGen      total 186880K, used 186576K [0x00000000d5e00000, 0x00000000e1b00000, 0x0000000100000000)
  eden space 181248K, 100% used [0x00000000d5e00000,0x00000000e0f00000,0x00000000e0f00000)
  from space 5632K, 94% used [0x00000000e1580000,0x00000000e1ab41c8,0x00000000e1b00000)
  to   space 6144K, 0% used [0x00000000e0f00000,0x00000000e0f00000,0x00000000e1500000)
 ParOldGen       total 53248K, used 6421K [0x0000000081a00000, 0x0000000084e00000, 0x00000000d5e00000)
  object space 53248K, 12% used [0x0000000081a00000,0x00000000820456b8,0x0000000084e00000)
 Metaspace       used 33256K, capacity 34502K, committed 34688K, reserved 1079296K
  class space    used 3910K, capacity 4172K, committed 4224K, reserved 1048576K
Event: 5.991 GC heap after
Heap after GC invocations=12 (full 1):
 PSYoungGen      total 187392K, used 6123K [0x00000000d5e00000, 0x00000000e5b00000, 0x0000000100000000)
  eden space 181248K, 0% used [0x00000000d5e00000,0x00000000d5e00000,0x00000000e0f00000)
  from space 6144K, 99% used [0x00000000e0f00000,0x00000000e14fade8,0x00000000e1500000)
  to   space 8192K, 0% used [0x00000000e5300000,0x00000000e5300000,0x00000000e5b00000)
 ParOldGen       total 53248K, used 10567K [0x0000000081a00000, 0x0000000084e00000, 0x00000000d5e00000)
  object space 53248K, 19% used [0x0000000081a00000,0x0000000082451d30,0x0000000084e00000)
 Metaspace       used 33256K, capacity 34502K, committed 34688K, reserved 1079296K
  class space    used 3910K, capacity 4172K, committed 4224K, reserved 1048576K
}
Event: 6.067 GC heap before
{Heap before GC invocations=13 (full 1):
 PSYoungGen      total 187392K, used 15431K [0x00000000d5e00000, 0x00000000e5b00000, 0x0000000100000000)
  eden space 181248K, 5% used [0x00000000d5e00000,0x00000000d67171f0,0x00000000e0f00000)
  from space 6144K, 99% used [0x00000000e0f00000,0x00000000e14fade8,0x00000000e1500000)
  to   space 8192K, 0% used [0x00000000e5300000,0x00000000e5300000,0x00000000e5b00000)
 ParOldGen       total 53248K, used 10567K [0x0000000081a00000, 0x0000000084e00000, 0x00000000d5e00000)
  object space 53248K, 19% used [0x0000000081a00000,0x0000000082451d30,0x0000000084e00000)
 Metaspace       used 33699K, capacity 34904K, committed 35072K, reserved 1083392K
  class space    used 3975K, capacity 4239K, committed 4352K, reserved 1048576K
Event: 6.071 GC heap after
Heap after GC invocations=13 (full 1):
 PSYoungGen      total 189440K, used 544K [0x00000000d5e00000, 0x00000000e5b00000, 0x0000000100000000)
  eden space 181248K, 0% used [0x00000000d5e00000,0x00000000d5e00000,0x00000000e0f00000)
  from space 8192K, 6% used [0x00000000e5300000,0x00000000e5388000,0x00000000e5b00000)
  to   space 6144K, 0% used [0x00000000e0f00000,0x00000000e0f00000,0x00000000e1500000)
 ParOldGen       total 53248K, used 13407K [0x0000000081a00000, 0x0000000084e00000, 0x00000000d5e00000)
  object space 53248K, 25% used [0x0000000081a00000,0x0000000082717d60,0x0000000084e00000)
 Metaspace       used 33699K, capacity 34904K, committed 35072K, reserved 1083392K
  class space    used 3975K, capacity 4239K, committed 4352K, reserved 1048576K
}
Event: 6.072 GC heap before
{Heap before GC invocations=14 (full 2):
 PSYoungGen      total 189440K, used 544K [0x00000000d5e00000, 0x00000000e5b00000, 0x0000000100000000)
  eden space 181248K, 0% used [0x00000000d5e00000,0x00000000d5e00000,0x00000000e0f00000)
  from space 8192K, 6% used [0x00000000e5300000,0x00000000e5388000,0x00000000e5b00000)
  to   space 6144K, 0% used [0x00000000e0f00000,0x00000000e0f00000,0x00000000e1500000)
 ParOldGen       total 53248K, used 13407K [0x0000000081a00000, 0x0000000084e00000, 0x00000000d5e00000)
  object space 53248K, 25% used [0x0000000081a00000,0x0000000082717d60,0x0000000084e00000)
 Metaspace       used 33699K, capacity 34904K, committed 35072K, reserved 1083392K
  class space    used 3975K, capacity 4239K, committed 4352K, reserved 1048576K
Event: 6.129 GC heap after
Heap after GC invocations=14 (full 2):
 PSYoungGen      total 189440K, used 0K [0x00000000d5e00000, 0x00000000e5b00000, 0x0000000100000000)
  eden space 181248K, 0% used [0x00000000d5e00000,0x00000000d5e00000,0x00000000e0f00000)
  from space 8192K, 0% used [0x00000000e5300000,0x00000000e5300000,0x00000000e5b00000)
  to   space 6144K, 0% used [0x00000000e0f00000,0x00000000e0f00000,0x00000000e1500000)
 ParOldGen       total 53248K, used 10524K [0x0000000081a00000, 0x0000000084e00000, 0x00000000d5e00000)
  object space 53248K, 19% used [0x0000000081a00000,0x0000000082447288,0x0000000084e00000)
 Metaspace       used 33699K, capacity 34904K, committed 35072K, reserved 1081344K
  class space    used 3975K, capacity 4239K, committed 4352K, reserved 1048576K
}

Deoptimization events (10 events):
Event: 4.531 Thread 0x0000000003134000 Uncommon trap: reason=unstable_if action=reinterpret pc=0x0000000003878040 method=org.jacoco.agent.rt.internal_1f1cc91.asm.Type.getArgumentsAndReturnSizes(Ljava/lang/String;)I @ 25
Event: 5.211 Thread 0x0000000003134000 Uncommon trap: reason=unstable_if action=reinterpret pc=0x0000000003b4d95c method=org.jacoco.agent.rt.internal_1f1cc91.asm.tree.MethodNode.accept(Lorg/jacoco/agent/rt/internal_1f1cc91/asm/MethodVisitor;)V @ 270
Event: 5.211 Thread 0x0000000003134000 Uncommon trap: reason=unstable_if action=reinterpret pc=0x0000000003d71834 method=org.jacoco.agent.rt.internal_1f1cc91.asm.MethodWriter.computeMethodInfoSize()I @ 603
Event: 5.211 Thread 0x0000000003134000 Uncommon trap: reason=unstable_if action=reinterpret pc=0x0000000003d18ca8 method=org.jacoco.agent.rt.internal_1f1cc91.asm.MethodWriter.putMethodInfo(Lorg/jacoco/agent/rt/internal_1f1cc91/asm/ByteVector;)V @ 210
Event: 5.376 Thread 0x0000000003134000 Uncommon trap: reason=unstable_if action=reinterpret pc=0x0000000003eb2590 method=org.jacoco.agent.rt.internal_1f1cc91.asm.ClassReader.readMethod(Lorg/jacoco/agent/rt/internal_1f1cc91/asm/ClassVisitor;Lorg/jacoco/agent/rt/internal_1f1cc91/asm/Context;I)I 
Event: 5.401 Thread 0x0000000003134000 Uncommon trap: reason=bimorphic action=maybe_recompile pc=0x0000000003c8bfe8 method=org.jacoco.agent.rt.internal_1f1cc91.asm.tree.FrameNode.accept(Lorg/jacoco/agent/rt/internal_1f1cc91/asm/MethodVisitor;)V @ 81
Event: 5.785 Thread 0x0000000003134000 Uncommon trap: reason=unstable_if action=reinterpret pc=0x00000000038f11b4 method=org.jacoco.agent.rt.internal_1f1cc91.core.internal.flow.LabelFlowAnalyzer.markMethodInvocationLine()V @ 4
Event: 5.786 Thread 0x0000000003134000 Uncommon trap: reason=unstable_if action=reinterpret pc=0x0000000003ba5a20 method=org.jacoco.agent.rt.internal_1f1cc91.core.internal.instr.ProbeInserter.visitFrame(II[Ljava/lang/Object;I[Ljava/lang/Object;)V @ 82
Event: 5.844 Thread 0x0000000003134000 Uncommon trap: reason=unstable_if action=reinterpret pc=0x0000000003f8ba34 method=org.springframework.beans.factory.support.AbstractBeanFactory.getMergedLocalBeanDefinition(Ljava/lang/String;)Lorg/springframework/beans/factory/support/RootBeanDefinition; 
Event: 5.847 Thread 0x0000000003134000 Uncommon trap: reason=unstable_if action=reinterpret pc=0x00000000040042ec method=org.springframework.beans.factory.support.DefaultSingletonBeanRegistry.getSingleton(Ljava/lang/String;Z)Ljava/lang/Object; @ 39

Classes redefined (0 events):
No events

Internal exceptions (10 events):
Event: 6.063 Thread 0x0000000003134000 Implicit null exception at 0x00000000036c4d40 to 0x00000000036c5566
Event: 6.063 Thread 0x0000000003134000 Exception <a 'java/lang/NullPointerException'> (0x00000000d6617460) thrown at [C:\re\workspace\8-2-build-windows-amd64-cygwin\jdk8u201\12322\hotspot\src\share\vm\runtime\sharedRuntime.cpp, line 605]
Event: 6.063 Thread 0x0000000003134000 Implicit null exception at 0x00000000036c4d40 to 0x00000000036c5566
Event: 6.063 Thread 0x0000000003134000 Exception <a 'java/lang/NullPointerException'> (0x00000000d661b2c0) thrown at [C:\re\workspace\8-2-build-windows-amd64-cygwin\jdk8u201\12322\hotspot\src\share\vm\runtime\sharedRuntime.cpp, line 605]
Event: 6.063 Thread 0x0000000003134000 Implicit null exception at 0x00000000036c4d40 to 0x00000000036c5566
Event: 6.064 Thread 0x0000000003134000 Exception <a 'java/lang/NullPointerException'> (0x00000000d661e700) thrown at [C:\re\workspace\8-2-build-windows-amd64-cygwin\jdk8u201\12322\hotspot\src\share\vm\runtime\sharedRuntime.cpp, line 605]
Event: 6.064 Thread 0x0000000003134000 Exception <a 'java/lang/OutOfMemoryError'> (0x00000000d662b210) thrown at [C:\re\workspace\8-2-build-windows-amd64-cygwin\jdk8u201\12322\hotspot\src\share\vm\prims\jni.cpp, line 735]
Event: 6.064 Thread 0x0000000003134000 Exception <a 'java/lang/OutOfMemoryError'> (0x00000000d662b210) thrown at [C:\re\workspace\8-2-build-windows-amd64-cygwin\jdk8u201\12322\hotspot\src\share\vm\prims\jvm.cpp, line 1506]
Event: 6.065 Thread 0x0000000003134000 Exception <a 'java/lang/OutOfMemoryError'> (0x00000000d66343c0) thrown at [C:\re\workspace\8-2-build-windows-amd64-cygwin\jdk8u201\12322\hotspot\src\share\vm\prims\jni.cpp, line 735]
Event: 6.065 Thread 0x0000000003134000 Exception <a 'java/lang/OutOfMemoryError'> (0x00000000d66343c0) thrown at [C:\re\workspace\8-2-build-windows-amd64-cygwin\jdk8u201\12322\hotspot\src\share\vm\prims\jvm.cpp, line 1506]

Events (10 events):
Event: 6.130 Thread 0x0000000019b13000 flushing nmethod 0x00000000034761d0
Event: 6.130 Thread 0x0000000019b13000 flushing nmethod 0x000000000347ded0
Event: 6.130 Thread 0x0000000019b13000 flushing nmethod 0x000000000348c950
Event: 6.130 Thread 0x0000000019b13000 flushing nmethod 0x00000000034a5550
Event: 6.130 Thread 0x0000000019b13000 flushing nmethod 0x00000000034a79d0
Event: 6.130 Thread 0x0000000019b13000 flushing nmethod 0x00000000034a9d50
Event: 6.130 Thread 0x0000000019b13000 flushing nmethod 0x00000000034b4890
Event: 6.130 Thread 0x0000000019b13000 flushing nmethod 0x00000000034bb6d0
Event: 6.130 Thread 0x0000000019b13000 flushing nmethod 0x00000000034c2fd0
Event: 6.130 Thread 0x0000000019b13000 flushing nmethod 0x00000000034caf10


Dynamic libraries:
0x00007ff664230000 - 0x00007ff664267000 	C:\Program Files\Java\jre1.8.0_201\bin\javaw.exe
0x00007ffefbb60000 - 0x00007ffefbd50000 	C:\WINDOWS\SYSTEM32\ntdll.dll
0x00007ffefba60000 - 0x00007ffefbb12000 	C:\WINDOWS\System32\KERNEL32.DLL
0x00007ffef9840000 - 0x00007ffef9ae3000 	C:\WINDOWS\System32\KERNELBASE.dll
0x00007ffefb2b0000 - 0x00007ffefb353000 	C:\WINDOWS\System32\ADVAPI32.dll
0x00007ffefaa80000 - 0x00007ffefab1e000 	C:\WINDOWS\System32\msvcrt.dll
0x00007ffefb1f0000 - 0x00007ffefb287000 	C:\WINDOWS\System32\sechost.dll
0x00007ffefb360000 - 0x00007ffefb480000 	C:\WINDOWS\System32\RPCRT4.dll
0x00007ffefac20000 - 0x00007ffefadb4000 	C:\WINDOWS\System32\USER32.dll
0x00007ffef8e10000 - 0x00007ffef8e31000 	C:\WINDOWS\System32\win32u.dll
0x00007ffefb480000 - 0x00007ffefb4a6000 	C:\WINDOWS\System32\GDI32.dll
0x00007ffef8c70000 - 0x00007ffef8e04000 	C:\WINDOWS\System32\gdi32full.dll
0x00007ffef9af0000 - 0x00007ffef9b8e000 	C:\WINDOWS\System32\msvcp_win.dll
0x00007ffef8af0000 - 0x00007ffef8bea000 	C:\WINDOWS\System32\ucrtbase.dll
0x00007ffeea8e0000 - 0x00007ffeeab65000 	C:\WINDOWS\WinSxS\amd64_microsoft.windows.common-controls_6595b64144ccf1df_6.0.18362.720_none_e6beb5c51314836b\COMCTL32.dll
0x00007ffefaeb0000 - 0x00007ffefb1e6000 	C:\WINDOWS\System32\combase.dll
0x00007ffef9670000 - 0x00007ffef96f0000 	C:\WINDOWS\System32\bcryptPrimitives.dll
0x00007ffefab80000 - 0x00007ffefabae000 	C:\WINDOWS\System32\IMM32.DLL
0x0000000052120000 - 0x00000000521f1000 	C:\Program Files\Java\jre1.8.0_201\bin\msvcr100.dll
0x00000000522e0000 - 0x0000000052b84000 	C:\Program Files\Java\jre1.8.0_201\bin\server\jvm.dll
0x00007ffefa9c0000 - 0x00007ffefa9c8000 	C:\WINDOWS\System32\PSAPI.DLL
0x00007ffed6510000 - 0x00007ffed6519000 	C:\WINDOWS\SYSTEM32\WSOCK32.dll
0x00007ffefadc0000 - 0x00007ffefae2f000 	C:\WINDOWS\System32\WS2_32.dll
0x00007ffef5410000 - 0x00007ffef5434000 	C:\WINDOWS\SYSTEM32\WINMM.dll
0x00007ffeeb570000 - 0x00007ffeeb57a000 	C:\WINDOWS\SYSTEM32\VERSION.dll
0x00007ffef53e0000 - 0x00007ffef540d000 	C:\WINDOWS\SYSTEM32\WINMMBASE.dll
0x00007ffef9b90000 - 0x00007ffef9bda000 	C:\WINDOWS\System32\cfgmgr32.dll
0x00007ffec7e60000 - 0x00007ffec7e6f000 	C:\Program Files\Java\jre1.8.0_201\bin\verify.dll
0x00007ffec7e30000 - 0x00007ffec7e59000 	C:\Program Files\Java\jre1.8.0_201\bin\java.dll
0x00007ffeeb940000 - 0x00007ffeeb963000 	C:\Program Files\Java\jre1.8.0_201\bin\instrument.dll
0x00007ffec7e10000 - 0x00007ffec7e26000 	C:\Program Files\Java\jre1.8.0_201\bin\zip.dll
0x00007ffef9c10000 - 0x00007ffefa2f5000 	C:\WINDOWS\System32\SHELL32.dll
0x00007ffefa360000 - 0x00007ffefa409000 	C:\WINDOWS\System32\shcore.dll
0x00007ffef8ef0000 - 0x00007ffef9670000 	C:\WINDOWS\System32\windows.storage.dll
0x00007ffef8ac0000 - 0x00007ffef8ae3000 	C:\WINDOWS\System32\profapi.dll
0x00007ffef8a50000 - 0x00007ffef8a9a000 	C:\WINDOWS\System32\powrprof.dll
0x00007ffef8a20000 - 0x00007ffef8a30000 	C:\WINDOWS\System32\UMPDC.dll
0x00007ffefab20000 - 0x00007ffefab72000 	C:\WINDOWS\System32\shlwapi.dll
0x00007ffef8a30000 - 0x00007ffef8a41000 	C:\WINDOWS\System32\kernel.appcore.dll
0x00007ffef8c50000 - 0x00007ffef8c67000 	C:\WINDOWS\System32\cryptsp.dll
0x00007ffef54d0000 - 0x00007ffef54ea000 	C:\Program Files\Java\jre1.8.0_201\bin\net.dll
0x00007ffee7c80000 - 0x00007ffee7e55000 	C:\WINDOWS\SYSTEM32\urlmon.dll
0x00007ffee7f80000 - 0x00007ffee8226000 	C:\WINDOWS\SYSTEM32\iertutil.dll
0x00007ffef8460000 - 0x00007ffef846c000 	C:\WINDOWS\SYSTEM32\CRYPTBASE.DLL
0x00007ffef8290000 - 0x00007ffef82f7000 	C:\WINDOWS\system32\mswsock.dll
0x00007ffef36e0000 - 0x00007ffef36f6000 	C:\WINDOWS\system32\napinsp.dll
0x00007ffef36c0000 - 0x00007ffef36da000 	C:\WINDOWS\system32\pnrpnsp.dll
0x00007ffef7fe0000 - 0x00007ffef80aa000 	C:\WINDOWS\SYSTEM32\DNSAPI.dll
0x00007ffefb4b0000 - 0x00007ffefb4b8000 	C:\WINDOWS\System32\NSI.dll
0x00007ffef7fa0000 - 0x00007ffef7fda000 	C:\WINDOWS\SYSTEM32\IPHLPAPI.DLL
0x00007ffef36b0000 - 0x00007ffef36be000 	C:\WINDOWS\System32\winrnr.dll
0x00007ffef4f90000 - 0x00007ffef4fac000 	C:\WINDOWS\system32\NLAapi.dll
0x00007ffef3ef0000 - 0x00007ffef3f05000 	C:\WINDOWS\system32\wshbth.dll
0x00007ffeeb0b0000 - 0x00007ffeeb0ba000 	C:\Windows\System32\rasadhlp.dll
0x00007ffeecb00000 - 0x00007ffeecb77000 	C:\WINDOWS\System32\fwpuclnt.dll
0x00007ffef9be0000 - 0x00007ffef9c06000 	C:\WINDOWS\System32\bcrypt.dll
0x00007ffeeb550000 - 0x00007ffeeb561000 	C:\Program Files\Java\jre1.8.0_201\bin\nio.dll
0x00007ffef5080000 - 0x00007ffef508d000 	C:\Program Files\Java\jre1.8.0_201\bin\management.dll

VM Arguments:
jvm_args: -javaagent:D:\jee-2019-06\eclipse\configuration\org.eclipse.osgi\925\0\.cp\jacocoagent.jar=includes=*,excludes=,exclclassloader=sun.reflect.DelegatingClassLoader,output=tcpclient,port=51267 -ea -Dfile.encoding=Cp1252 
java_command: org.eclipse.jdt.internal.junit.runner.RemoteTestRunner -version 3 -port 51268 -testLoaderClass org.eclipse.jdt.internal.junit4.runner.JUnit4TestLoader -loaderpluginname org.eclipse.jdt.junit4.runtime -classNames com.ims.service.impl.JobRequirmentServiceImpl
java_class_path (initial): D:\ims_gradle\bin\main;D:\ims_gradle\bin\test;C:\Users\Aarshi\.gradle\caches\modules-2\files-2.1\org.springframework.boot\spring-boot-starter-data-jpa\2.2.4.RELEASE\374fc811a6e64632593cae83fe6786b1b93b574\spring-boot-starter-data-jpa-2.2.4.RELEASE.jar;C:\Users\Aarshi\.gradle\caches\modules-2\files-2.1\mysql\mysql-connector-java\8.0.19\9af69ef0f68eae737351ff55c0ba6e23a06826a5\mysql-connector-java-8.0.19.jar;C:\Users\Aarshi\.gradle\caches\modules-2\files-2.1\com.sun.mail\javax.mail\1.4.5\60c749de4ffdb368356d3db06f9bb34f311824ae\javax.mail-1.4.5.jar;C:\Users\Aarshi\.gradle\caches\modules-2\files-2.1\org.mindrot\jbcrypt\0.4\af7e61017f73abb18ac4e036954f9f28c6366c07\jbcrypt-0.4.jar;C:\Users\Aarshi\.gradle\caches\modules-2\files-2.1\org.jasypt\jasypt\1.4.1\f52a2e7471ce9858ddf622dfd8e078e93bf8252b\jasypt-1.4.1.jar;C:\Users\Aarshi\.gradle\caches\modules-2\files-2.1\org.apache.poi\poi-ooxml\3.11\e87975291fbb65888468b09fda2cf00e2996c2a0\poi-ooxml-3.11.jar;C:\Users\Aarshi\.gradle\caches\modules-2\files-2.1\org.apache.poi\poi\3.11\51058d9db469437a5ed0aa508e7de8937019e1d9\poi-3.11.jar;C:\Users\Aarshi\.gradle\caches\modules-2\files-2.1\org.springframework.boot\spring-boot-starter-thymeleaf\2.2.4.RELEASE\168d71302f3227702e8a2d74841136c6e0814d81\spring-boot-starter-thymeleaf-2.2.4.RELEASE.jar;C:\Users\Aarshi\.gradle\caches\modules-2\files-2.1\org.springframework.boot\spring-boot-starter-web\2.2.4.RELEASE\ec75d01d212b5229c16d872fb127744c0ed46ed8\spring-boot-starter-web-2.2.4.RELEASE.jar;C:\Users\Aarshi\.gradle\caches\modules-2\files-2.1\org.springframework.boot\spring-boot-starter-aop\2.2.4.RELEASE\26fe8208e070eb17e48e101f812c4519103165a\spring-boot-starter-aop-2.2.4.RELEASE.jar;C:\Users\Aarshi\.gradle\caches\modules-2\files-2.1\org.springframework.boot\spring-boot-starter-jdbc\2.2.4.RELEASE\2391d4f6f338b1eee003f0aadfcd4124cd3ed191\spring-boot-starter-jdbc-2.2.4.RELEASE.jar;C:\Users\Aarshi\.gradle\caches\modules-2\files-2.1\org.hibernate\hibernate-core\5.
Launcher Type: SUN_STANDARD

Environment Variables:
PATH=C:/Program Files/Java/jre1.8.0_201/bin/server;C:/Program Files/Java/jre1.8.0_201/bin;C:/Program Files/Java/jre1.8.0_201/lib/amd64;"C:\Program Files (x86)\Common Files\Oracle\Java\javapath\;C:\Program Files\Java\jdk1.8.0_201\bin";C:\Program Files (x86)\Intel\Intel(R) Management Engine Components\iCLS\;C:\Program Files\Intel\Intel(R) Management Engine Components\iCLS\;C:\WINDOWS\system32;C:\WINDOWS;C:\WINDOWS\System32\Wbem;C:\WINDOWS\System32\WindowsPowerShell\v1.0\;C:\WINDOWS\System32\OpenSSH\;C:\Program Files (x86)\Intel\Intel(R) Management Engine Components\DAL;C:\Program Files\Intel\Intel(R) Management Engine Components\DAL;C:\Program Files (x86)\Intel\Intel(R) Management Engine Components\IPT;C:\Program Files\Intel\Intel(R) Management Engine Components\IPT;C:\Program Files\Java\jdk1.8.0_201\bin;C:\Program Files\Git\cmd;C:\Program Files\nodejs\;C:\Users\Aarshi\AppData\Local\Microsoft\WindowsApps;C:\Users\Aarshi\AppData\Roaming\npm;C:\Users\Aarshi\AppData\Local\Programs\Microsoft VS Code\bin;C:\WINDOWS\system32;
USERNAME=Aarshi
OS=Windows_NT
PROCESSOR_IDENTIFIER=Intel64 Family 6 Model 78 Stepping 3, GenuineIntel



---------------  S Y S T E M  ---------------

OS: Windows 10.0 , 64 bit Build 18362 (10.0.18362.329)

CPU:total 4 (initial active 4) (2 cores per cpu, 2 threads per core) family 6 model 78 stepping 3, cmov, cx8, fxsr, mmx, sse, sse2, sse3, ssse3, sse4.1, sse4.2, popcnt, avx, avx2, aes, clmul, erms, 3dnowpref, lzcnt, ht, tsc, tscinvbit, bmi1, bmi2, adx

Memory: 4k page, physical 8277912k(513164k free), swap 33443736k(1180k free)

vm_info: Java HotSpot(TM) 64-Bit Server VM (25.201-b09) for windows-amd64 JRE (1.8.0_201-b09), built on Dec 15 2018 18:36:39 by "java_re" with MS VC++ 10.0 (VS2010)

time: Tue Mar 24 13:12:47 2020
timezone: India Standard Time
elapsed time: 6 seconds (0d 0h 0m 6s)

