#
# There is insufficient memory for the Java Runtime Environment to continue.
# Native memory allocation (malloc) failed to allocate 1060336 bytes for Chunk::new
# Possible reasons:
#   The system is out of physical RAM or swap space
#   The process is running with CompressedOops enabled, and the Java Heap may be blocking the growth of the native heap
# Possible solutions:
#   Reduce memory load on the system
#   Increase physical memory or swap space
#   Check if swap backing store is full
#   Decrease Java heap size (-Xmx/-Xms)
#   Decrease number of Java threads
#   Decrease Java thread stack sizes (-Xss)
#   Set larger code cache with -XX:ReservedCodeCacheSize=
#   JVM is running with Unscaled Compressed Oops mode in which the Java heap is
#     placed in the first 4GB address space. The Java Heap base address is the
#     maximum limit for the native heap growth. Please use -XX:HeapBaseMinAddress
#     to set the Java Heap base and to place the Java Heap above 4GB virtual address.
# This output file may be truncated or incomplete.
#
#  Out of Memory Error (allocation.cpp:390), pid=2816, tid=0x0000000000001604
#
# JRE version: Java(TM) SE Runtime Environment (8.0_201-b09) (build 1.8.0_201-b09)
# Java VM: Java HotSpot(TM) 64-Bit Server VM (25.201-b09 mixed mode windows-amd64 compressed oops)
# Failed to write core dump. Minidumps are not enabled by default on client versions of Windows
#

---------------  T H R E A D  ---------------

Current thread (0x00000000194fa000):  JavaThread "C2 CompilerThread1" daemon [_thread_in_native, id=5636, stack(0x000000001a0b0000,0x000000001a1b0000)]

Stack: [0x000000001a0b0000,0x000000001a1b0000]
[error occurred during error reporting (printing stack bounds), id 0xc0000005]

Native frames: (J=compiled Java code, j=interpreted, Vv=VM code, C=native code)


Current CompileTask:
C2:   6504 3845       4       java.net.URLClassLoader$1::run (5 bytes)


---------------  P R O C E S S  ---------------

Java Threads: ( => current thread )
  0x0000000019950000 JavaThread "ReaderThread" [_thread_in_native, id=1396, stack(0x000000001b480000,0x000000001b580000)]
  0x0000000019425800 JavaThread "Service Thread" daemon [_thread_blocked, id=9284, stack(0x000000001a2b0000,0x000000001a3b0000)]
  0x0000000019418000 JavaThread "C1 CompilerThread2" daemon [_thread_blocked, id=3036, stack(0x000000001a1b0000,0x000000001a2b0000)]
=>0x00000000194fa000 JavaThread "C2 CompilerThread1" daemon [_thread_in_native, id=5636, stack(0x000000001a0b0000,0x000000001a1b0000)]
  0x00000000194ea800 JavaThread "C2 CompilerThread0" daemon [_thread_in_native, id=15692, stack(0x0000000019fb0000,0x000000001a0b0000)]
  0x00000000193ea800 JavaThread "org.jacoco.agent.rt.internal_1f1cc91.output.TcpClientOutput" daemon [_thread_in_native, id=14116, stack(0x0000000019eb0000,0x0000000019fb0000)]
  0x0000000017827800 JavaThread "Attach Listener" daemon [_thread_blocked, id=5564, stack(0x0000000018d70000,0x0000000018e70000)]
  0x0000000017826000 JavaThread "Signal Dispatcher" daemon [_thread_blocked, id=14228, stack(0x0000000018c70000,0x0000000018d70000)]
  0x0000000017810000 JavaThread "Finalizer" daemon [_thread_blocked, id=11552, stack(0x0000000018a70000,0x0000000018b70000)]
  0x0000000002bda000 JavaThread "Reference Handler" daemon [_thread_blocked, id=10108, stack(0x0000000018970000,0x0000000018a70000)]
  0x0000000002ae4000 JavaThread "main" [_thread_in_vm, id=12168, stack(0x0000000002920000,0x0000000002a20000)]

Other Threads:
  0x00000000177e7800 VMThread [stack: 0x0000000018870000,0x0000000018970000] [id=13244]
  0x000000001945b800 WatcherThread [stack: 0x000000001a3b0000,0x000000001a4b0000] [id=12444]

VM state:not at safepoint (normal execution)

VM Mutex/Monitor currently owned by a thread: None

heap address: 0x0000000081a00000, size: 2022 MB, Compressed Oops mode: 32-bit
Narrow klass base: 0x0000000000000000, Narrow klass shift: 3
Compressed class space size: 1073741824 Address: 0x0000000100000000

Heap:
 PSYoungGen      total 97792K, used 20338K [0x00000000d5e00000, 0x00000000de400000, 0x0000000100000000)
  eden space 91648K, 17% used [0x00000000d5e00000,0x00000000d6dc0f28,0x00000000db780000)
  from space 6144K, 68% used [0x00000000db780000,0x00000000dbb9bc18,0x00000000dbd80000)
  to   space 6144K, 0% used [0x00000000dde00000,0x00000000dde00000,0x00000000de400000)
 ParOldGen       total 52224K, used 9866K [0x0000000081a00000, 0x0000000084d00000, 0x00000000d5e00000)
  object space 52224K, 18% used [0x0000000081a00000,0x00000000823a2848,0x0000000084d00000)
 Metaspace       used 32343K, capacity 33538K, committed 33792K, reserved 1079296K
  class space    used 3818K, capacity 4096K, committed 4096K, reserved 1048576K

Card table byte_map: [0x00000000120a0000,0x00000000124a0000] byte_map_base: 0x0000000011c93000

Marking Bits: (ParMarkBitMap*) 0x0000000052b04ce0
 Begin Bits: [0x0000000012b50000, 0x0000000014ae8000)
 End Bits:   [0x0000000014ae8000, 0x0000000016a80000)

Polling page: 0x0000000000f40000

CodeCache: size=245760Kb used=13588Kb max_used=13588Kb free=232171Kb
 bounds [0x0000000002ce0000, 0x0000000003a30000, 0x0000000011ce0000]
 total_blobs=4204 nmethods=3799 adapters=317
 compilation: enabled

Compilation events (10 events):
Event: 6.490 Thread 0x0000000019418000 3870       3       org.springframework.asm.Frame::execute (3534 bytes)
Event: 6.499 Thread 0x0000000019418000 nmethod 3870 0x0000000003a1c910 code [0x0000000003a1d780, 0x0000000003a24508]
Event: 6.499 Thread 0x0000000019418000 3875       3       org.springframework.asm.ByteVector::putShort (82 bytes)
Event: 6.499 Thread 0x0000000019418000 nmethod 3875 0x0000000002ec3210 code [0x0000000002ec33a0, 0x0000000002ec36d8]
Event: 6.499 Thread 0x0000000019418000 3873       3       org.springframework.asm.SymbolTable::get (22 bytes)
Event: 6.500 Thread 0x0000000019418000 nmethod 3873 0x0000000003a07210 code [0x0000000003a07380, 0x0000000003a07588]
Event: 6.500 Thread 0x0000000019418000 3874       3       org.springframework.asm.SymbolTable::hash (20 bytes)
Event: 6.500 Thread 0x0000000019418000 nmethod 3874 0x0000000002ecce90 code [0x0000000002ecd000, 0x0000000002ecd278]
Event: 6.503 Thread 0x0000000019418000 3876       3       org.jacoco.agent.rt.internal_1f1cc91.core.internal.flow.LabelFlowAnalyzer::visitMethodInsn (15 bytes)
Event: 6.503 Thread 0x0000000019418000 nmethod 3876 0x0000000003a0cd50 code [0x0000000003a0cf00, 0x0000000003a0d548]

GC Heap History (10 events):
Event: 4.348 GC heap before
{Heap before GC invocations=10 (full 1):
 PSYoungGen      total 71168K, used 66048K [0x00000000d5e00000, 0x00000000daa00000, 0x0000000100000000)
  eden space 66048K, 100% used [0x00000000d5e00000,0x00000000d9e80000,0x00000000d9e80000)
  from space 5120K, 0% used [0x00000000da400000,0x00000000da400000,0x00000000da900000)
  to   space 5632K, 0% used [0x00000000d9e80000,0x00000000d9e80000,0x00000000da400000)
 ParOldGen       total 52224K, used 6453K [0x0000000081a00000, 0x0000000084d00000, 0x00000000d5e00000)
  object space 52224K, 12% used [0x0000000081a00000,0x000000008204d500,0x0000000084d00000)
 Metaspace       used 22838K, capacity 23540K, committed 23680K, reserved 1071104K
  class space    used 2767K, capacity 2933K, committed 2944K, reserved 1048576K
Event: 4.352 GC heap after
Heap after GC invocations=10 (full 1):
 PSYoungGen      total 71680K, used 2651K [0x00000000d5e00000, 0x00000000dc380000, 0x0000000100000000)
  eden space 66048K, 0% used [0x00000000d5e00000,0x00000000d5e00000,0x00000000d9e80000)
  from space 5632K, 47% used [0x00000000d9e80000,0x00000000da116f40,0x00000000da400000)
  to   space 6144K, 0% used [0x00000000dbd80000,0x00000000dbd80000,0x00000000dc380000)
 ParOldGen       total 52224K, used 6461K [0x0000000081a00000, 0x0000000084d00000, 0x00000000d5e00000)
  object space 52224K, 12% used [0x0000000081a00000,0x000000008204f500,0x0000000084d00000)
 Metaspace       used 22838K, capacity 23540K, committed 23680K, reserved 1071104K
  class space    used 2767K, capacity 2933K, committed 2944K, reserved 1048576K
}
Event: 4.621 GC heap before
{Heap before GC invocations=11 (full 1):
 PSYoungGen      total 71680K, used 68699K [0x00000000d5e00000, 0x00000000dc380000, 0x0000000100000000)
  eden space 66048K, 100% used [0x00000000d5e00000,0x00000000d9e80000,0x00000000d9e80000)
  from space 5632K, 47% used [0x00000000d9e80000,0x00000000da116f40,0x00000000da400000)
  to   space 6144K, 0% used [0x00000000dbd80000,0x00000000dbd80000,0x00000000dc380000)
 ParOldGen       total 52224K, used 6461K [0x0000000081a00000, 0x0000000084d00000, 0x00000000d5e00000)
  object space 52224K, 12% used [0x0000000081a00000,0x000000008204f500,0x0000000084d00000)
 Metaspace       used 24617K, capacity 25344K, committed 25472K, reserved 1071104K
  class space    used 2915K, capacity 3101K, committed 3200K, reserved 1048576K
Event: 4.630 GC heap after
Heap after GC invocations=11 (full 1):
 PSYoungGen      total 97792K, used 2927K [0x00000000d5e00000, 0x00000000dc400000, 0x0000000100000000)
  eden space 91648K, 0% used [0x00000000d5e00000,0x00000000d5e00000,0x00000000db780000)
  from space 6144K, 47% used [0x00000000dbd80000,0x00000000dc05bd98,0x00000000dc380000)
  to   space 6144K, 0% used [0x00000000db780000,0x00000000db780000,0x00000000dbd80000)
 ParOldGen       total 52224K, used 6469K [0x0000000081a00000, 0x0000000084d00000, 0x00000000d5e00000)
  object space 52224K, 12% used [0x0000000081a00000,0x0000000082051500,0x0000000084d00000)
 Metaspace       used 24617K, capacity 25344K, committed 25472K, reserved 1071104K
  class space    used 2915K, capacity 3101K, committed 3200K, reserved 1048576K
}
Event: 4.894 GC heap before
{Heap before GC invocations=12 (full 1):
 PSYoungGen      total 97792K, used 94575K [0x00000000d5e00000, 0x00000000dc400000, 0x0000000100000000)
  eden space 91648K, 100% used [0x00000000d5e00000,0x00000000db780000,0x00000000db780000)
  from space 6144K, 47% used [0x00000000dbd80000,0x00000000dc05bd98,0x00000000dc380000)
  to   space 6144K, 0% used [0x00000000db780000,0x00000000db780000,0x00000000dbd80000)
 ParOldGen       total 52224K, used 6469K [0x0000000081a00000, 0x0000000084d00000, 0x00000000d5e00000)
  object space 52224K, 12% used [0x0000000081a00000,0x0000000082051500,0x0000000084d00000)
 Metaspace       used 26376K, capacity 27136K, committed 27392K, reserved 1073152K
  class space    used 3086K, capacity 3267K, committed 3328K, reserved 1048576K
Event: 4.906 GC heap after
Heap after GC invocations=12 (full 1):
 PSYoungGen      total 97792K, used 2407K [0x00000000d5e00000, 0x00000000dc400000, 0x0000000100000000)
  eden space 91648K, 0% used [0x00000000d5e00000,0x00000000d5e00000,0x00000000db780000)
  from space 6144K, 39% used [0x00000000db780000,0x00000000db9d9ca0,0x00000000dbd80000)
  to   space 6144K, 0% used [0x00000000dbd80000,0x00000000dbd80000,0x00000000dc380000)
 ParOldGen       total 52224K, used 7831K [0x0000000081a00000, 0x0000000084d00000, 0x00000000d5e00000)
  object space 52224K, 14% used [0x0000000081a00000,0x00000000821a5f10,0x0000000084d00000)
 Metaspace       used 26376K, capacity 27136K, committed 27392K, reserved 1073152K
  class space    used 3086K, capacity 3267K, committed 3328K, reserved 1048576K
}
Event: 5.423 GC heap before
{Heap before GC invocations=13 (full 1):
 PSYoungGen      total 97792K, used 94055K [0x00000000d5e00000, 0x00000000dc400000, 0x0000000100000000)
  eden space 91648K, 100% used [0x00000000d5e00000,0x00000000db780000,0x00000000db780000)
  from space 6144K, 39% used [0x00000000db780000,0x00000000db9d9ca0,0x00000000dbd80000)
  to   space 6144K, 0% used [0x00000000dbd80000,0x00000000dbd80000,0x00000000dc380000)
 ParOldGen       total 52224K, used 7831K [0x0000000081a00000, 0x0000000084d00000, 0x00000000d5e00000)
  object space 52224K, 14% used [0x0000000081a00000,0x00000000821a5f10,0x0000000084d00000)
 Metaspace       used 28702K, capacity 29548K, committed 29824K, reserved 1075200K
  class space    used 3380K, capacity 3589K, committed 3712K, reserved 1048576K
Event: 5.431 GC heap after
Heap after GC invocations=13 (full 1):
 PSYoungGen      total 97792K, used 3982K [0x00000000d5e00000, 0x00000000dc400000, 0x0000000100000000)
  eden space 91648K, 0% used [0x00000000d5e00000,0x00000000d5e00000,0x00000000db780000)
  from space 6144K, 64% used [0x00000000dbd80000,0x00000000dc163ab8,0x00000000dc380000)
  to   space 6144K, 0% used [0x00000000db780000,0x00000000db780000,0x00000000dbd80000)
 ParOldGen       total 52224K, used 8618K [0x0000000081a00000, 0x0000000084d00000, 0x00000000d5e00000)
  object space 52224K, 16% used [0x0000000081a00000,0x000000008226a848,0x0000000084d00000)
 Metaspace       used 28702K, capacity 29548K, committed 29824K, reserved 1075200K
  class space    used 3380K, capacity 3589K, committed 3712K, reserved 1048576K
}
Event: 6.379 GC heap before
{Heap before GC invocations=14 (full 1):
 PSYoungGen      total 97792K, used 95630K [0x00000000d5e00000, 0x00000000dc400000, 0x0000000100000000)
  eden space 91648K, 100% used [0x00000000d5e00000,0x00000000db780000,0x00000000db780000)
  from space 6144K, 64% used [0x00000000dbd80000,0x00000000dc163ab8,0x00000000dc380000)
  to   space 6144K, 0% used [0x00000000db780000,0x00000000db780000,0x00000000dbd80000)
 ParOldGen       total 52224K, used 8618K [0x0000000081a00000, 0x0000000084d00000, 0x00000000d5e00000)
  object space 52224K, 16% used [0x0000000081a00000,0x000000008226a848,0x0000000084d00000)
 Metaspace       used 31733K, capacity 32930K, committed 33280K, reserved 1079296K
  class space    used 3757K, capacity 4000K, committed 4096K, reserved 1048576K
Event: 6.385 GC heap after
Heap after GC invocations=14 (full 1):
 PSYoungGen      total 97792K, used 4207K [0x00000000d5e00000, 0x00000000de400000, 0x0000000100000000)
  eden space 91648K, 0% used [0x00000000d5e00000,0x00000000d5e00000,0x00000000db780000)
  from space 6144K, 68% used [0x00000000db780000,0x00000000dbb9bc18,0x00000000dbd80000)
  to   space 6144K, 0% used [0x00000000dde00000,0x00000000dde00000,0x00000000de400000)
 ParOldGen       total 52224K, used 9866K [0x0000000081a00000, 0x0000000084d00000, 0x00000000d5e00000)
  object space 52224K, 18% used [0x0000000081a00000,0x00000000823a2848,0x0000000084d00000)
 Metaspace       used 31733K, capacity 32930K, committed 33280K, reserved 1079296K
  class space    used 3757K, capacity 4000K, committed 4096K, reserved 1048576K
}

Deoptimization events (10 events):
Event: 4.718 Thread 0x0000000002ae4000 Uncommon trap: reason=unstable_if action=reinterpret pc=0x00000000034e4714 method=org.jacoco.agent.rt.internal_1f1cc91.asm.commons.JSRInlinerAdapter.visitEnd()V @ 9
Event: 5.044 Thread 0x0000000002ae4000 Uncommon trap: reason=unstable_if action=reinterpret pc=0x000000000321be0c method=org.jacoco.agent.rt.internal_1f1cc91.asm.Type.getArgumentsAndReturnSizes(Ljava/lang/String;)I @ 25
Event: 5.749 Thread 0x0000000002ae4000 Uncommon trap: reason=null_check action=make_not_entrant pc=0x0000000003801124 method=org.springframework.util.ConcurrentReferenceHashMap$ReferenceManager.pollForPurge()Lorg/springframework/util/ConcurrentReferenceHashMap$Reference; @ 11
Event: 5.908 Thread 0x0000000002ae4000 Uncommon trap: reason=unstable_if action=reinterpret pc=0x000000000357bb44 method=org.jacoco.agent.rt.internal_1f1cc91.asm.ClassReader.readMethod(Lorg/jacoco/agent/rt/internal_1f1cc91/asm/ClassVisitor;Lorg/jacoco/agent/rt/internal_1f1cc91/asm/Context;I)I 
Event: 5.908 Thread 0x0000000002ae4000 Uncommon trap: reason=unstable_if action=reinterpret pc=0x00000000034d044c method=org.jacoco.agent.rt.internal_1f1cc91.asm.tree.MethodNode.accept(Lorg/jacoco/agent/rt/internal_1f1cc91/asm/MethodVisitor;)V @ 270
Event: 5.908 Thread 0x0000000002ae4000 Uncommon trap: reason=unstable_if action=reinterpret pc=0x00000000037876f4 method=org.jacoco.agent.rt.internal_1f1cc91.asm.MethodWriter.computeMethodInfoSize()I @ 603
Event: 5.909 Thread 0x0000000002ae4000 Uncommon trap: reason=unstable_if action=reinterpret pc=0x000000000371aa20 method=org.jacoco.agent.rt.internal_1f1cc91.asm.MethodWriter.putMethodInfo(Lorg/jacoco/agent/rt/internal_1f1cc91/asm/ByteVector;)V @ 210
Event: 6.104 Thread 0x0000000002ae4000 Uncommon trap: reason=bimorphic action=maybe_recompile pc=0x00000000035ee864 method=org.jacoco.agent.rt.internal_1f1cc91.asm.tree.FrameNode.accept(Lorg/jacoco/agent/rt/internal_1f1cc91/asm/MethodVisitor;)V @ 81
Event: 6.503 Thread 0x0000000002ae4000 Uncommon trap: reason=unstable_if action=reinterpret pc=0x0000000003366834 method=org.jacoco.agent.rt.internal_1f1cc91.core.internal.flow.LabelFlowAnalyzer.markMethodInvocationLine()V @ 4
Event: 6.503 Thread 0x0000000002ae4000 Uncommon trap: reason=unstable_if action=reinterpret pc=0x00000000035ab660 method=org.jacoco.agent.rt.internal_1f1cc91.core.internal.instr.ProbeInserter.visitFrame(II[Ljava/lang/Object;I[Ljava/lang/Object;)V @ 82

Classes redefined (0 events):
No events

Internal exceptions (10 events):
Event: 6.119 Thread 0x0000000002ae4000 Exception <a 'java/lang/NullPointerException'> (0x00000000d9e75940) thrown at [C:\re\workspace\8-2-build-windows-amd64-cygwin\jdk8u201\12322\hotspot\src\share\vm\runtime\sharedRuntime.cpp, line 605]
Event: 6.121 Thread 0x0000000002ae4000 Implicit null exception at 0x00000000030b7b30 to 0x00000000030b8336
Event: 6.121 Thread 0x0000000002ae4000 Exception <a 'java/lang/NullPointerException'> (0x00000000d9eb1e58) thrown at [C:\re\workspace\8-2-build-windows-amd64-cygwin\jdk8u201\12322\hotspot\src\share\vm\runtime\sharedRuntime.cpp, line 605]
Event: 6.121 Thread 0x0000000002ae4000 Implicit null exception at 0x00000000030b7b30 to 0x00000000030b8336
Event: 6.122 Thread 0x0000000002ae4000 Exception <a 'java/lang/NullPointerException'> (0x00000000d9eb7570) thrown at [C:\re\workspace\8-2-build-windows-amd64-cygwin\jdk8u201\12322\hotspot\src\share\vm\runtime\sharedRuntime.cpp, line 605]
Event: 6.122 Thread 0x0000000002ae4000 Implicit null exception at 0x00000000030b7b30 to 0x00000000030b8336
Event: 6.122 Thread 0x0000000002ae4000 Exception <a 'java/lang/NullPointerException'> (0x00000000d9ebad50) thrown at [C:\re\workspace\8-2-build-windows-amd64-cygwin\jdk8u201\12322\hotspot\src\share\vm\runtime\sharedRuntime.cpp, line 605]
Event: 6.257 Thread 0x0000000002ae4000 Exception <a 'java/security/PrivilegedActionException'> (0x00000000da9bdda8) thrown at [C:\re\workspace\8-2-build-windows-amd64-cygwin\jdk8u201\12322\hotspot\src\share\vm\prims\jvm.cpp, line 1502]
Event: 6.257 Thread 0x0000000002ae4000 Exception <a 'java/security/PrivilegedActionException'> (0x00000000da9be1a0) thrown at [C:\re\workspace\8-2-build-windows-amd64-cygwin\jdk8u201\12322\hotspot\src\share\vm\prims\jvm.cpp, line 1502]
Event: 6.503 Thread 0x0000000002ae4000 Implicit null exception at 0x0000000003366757 to 0x0000000003366821

Events (10 events):
Event: 6.501 loading class org/springframework/cglib/core/ClassNameReader$EarlyExitException
Event: 6.501 loading class org/springframework/cglib/core/ClassNameReader$EarlyExitException done
Event: 6.502 loading class org/springframework/cglib/core/ClassNameReader$1
Event: 6.502 loading class org/springframework/cglib/core/ClassNameReader$1 done
Event: 6.503 Thread 0x0000000002ae4000 Uncommon trap: trap_request=0xffffff65 fr.pc=0x0000000003366834
Event: 6.503 Thread 0x0000000002ae4000 DEOPT PACKING pc=0x0000000003366834 sp=0x0000000002a1af90
Event: 6.503 Thread 0x0000000002ae4000 DEOPT UNPACKING pc=0x0000000002d2583b sp=0x0000000002a1aeb0 mode 2
Event: 6.503 Thread 0x0000000002ae4000 Uncommon trap: trap_request=0xffffff65 fr.pc=0x00000000035ab660
Event: 6.503 Thread 0x0000000002ae4000 DEOPT PACKING pc=0x00000000035ab660 sp=0x0000000002a1ad40
Event: 6.503 Thread 0x0000000002ae4000 DEOPT UNPACKING pc=0x0000000002d2583b sp=0x0000000002a1acb8 mode 2


Dynamic libraries:
0x00007ff664230000 - 0x00007ff664267000 	C:\Program Files\Java\jre1.8.0_201\bin\javaw.exe
0x00007ffefbb60000 - 0x00007ffefbd50000 	C:\WINDOWS\SYSTEM32\ntdll.dll
0x00007ffefba60000 - 0x00007ffefbb12000 	C:\WINDOWS\System32\KERNEL32.DLL
0x00007ffef9840000 - 0x00007ffef9ae3000 	C:\WINDOWS\System32\KERNELBASE.dll
0x00007ffefb2b0000 - 0x00007ffefb353000 	C:\WINDOWS\System32\ADVAPI32.dll
0x00007ffefaa80000 - 0x00007ffefab1e000 	C:\WINDOWS\System32\msvcrt.dll
0x00007ffefb1f0000 - 0x00007ffefb287000 	C:\WINDOWS\System32\sechost.dll
0x00007ffefb360000 - 0x00007ffefb480000 	C:\WINDOWS\System32\RPCRT4.dll
0x00007ffefac20000 - 0x00007ffefadb4000 	C:\WINDOWS\System32\USER32.dll
0x00007ffef8e10000 - 0x00007ffef8e31000 	C:\WINDOWS\System32\win32u.dll
0x00007ffefb480000 - 0x00007ffefb4a6000 	C:\WINDOWS\System32\GDI32.dll
0x00007ffef8c70000 - 0x00007ffef8e04000 	C:\WINDOWS\System32\gdi32full.dll
0x00007ffef9af0000 - 0x00007ffef9b8e000 	C:\WINDOWS\System32\msvcp_win.dll
0x00007ffef8af0000 - 0x00007ffef8bea000 	C:\WINDOWS\System32\ucrtbase.dll
0x00007ffeea8e0000 - 0x00007ffeeab65000 	C:\WINDOWS\WinSxS\amd64_microsoft.windows.common-controls_6595b64144ccf1df_6.0.18362.720_none_e6beb5c51314836b\COMCTL32.dll
0x00007ffefaeb0000 - 0x00007ffefb1e6000 	C:\WINDOWS\System32\combase.dll
0x00007ffef9670000 - 0x00007ffef96f0000 	C:\WINDOWS\System32\bcryptPrimitives.dll
0x00007ffefab80000 - 0x00007ffefabae000 	C:\WINDOWS\System32\IMM32.DLL
0x0000000052120000 - 0x00000000521f1000 	C:\Program Files\Java\jre1.8.0_201\bin\msvcr100.dll
0x00000000522e0000 - 0x0000000052b84000 	C:\Program Files\Java\jre1.8.0_201\bin\server\jvm.dll
0x00007ffefa9c0000 - 0x00007ffefa9c8000 	C:\WINDOWS\System32\PSAPI.DLL
0x00007ffed6510000 - 0x00007ffed6519000 	C:\WINDOWS\SYSTEM32\WSOCK32.dll
0x00007ffefadc0000 - 0x00007ffefae2f000 	C:\WINDOWS\System32\WS2_32.dll
0x00007ffef5410000 - 0x00007ffef5434000 	C:\WINDOWS\SYSTEM32\WINMM.dll
0x00007ffeeb570000 - 0x00007ffeeb57a000 	C:\WINDOWS\SYSTEM32\VERSION.dll
0x00007ffef53e0000 - 0x00007ffef540d000 	C:\WINDOWS\SYSTEM32\WINMMBASE.dll
0x00007ffef9b90000 - 0x00007ffef9bda000 	C:\WINDOWS\System32\cfgmgr32.dll
0x00007ffec7e60000 - 0x00007ffec7e6f000 	C:\Program Files\Java\jre1.8.0_201\bin\verify.dll
0x00007ffec7e30000 - 0x00007ffec7e59000 	C:\Program Files\Java\jre1.8.0_201\bin\java.dll
0x00007ffeeb940000 - 0x00007ffeeb963000 	C:\Program Files\Java\jre1.8.0_201\bin\instrument.dll
0x00007ffec7e10000 - 0x00007ffec7e26000 	C:\Program Files\Java\jre1.8.0_201\bin\zip.dll
0x00007ffef9c10000 - 0x00007ffefa2f5000 	C:\WINDOWS\System32\SHELL32.dll
0x00007ffefa360000 - 0x00007ffefa409000 	C:\WINDOWS\System32\shcore.dll
0x00007ffef8ef0000 - 0x00007ffef9670000 	C:\WINDOWS\System32\windows.storage.dll
0x00007ffef8ac0000 - 0x00007ffef8ae3000 	C:\WINDOWS\System32\profapi.dll
0x00007ffef8a50000 - 0x00007ffef8a9a000 	C:\WINDOWS\System32\powrprof.dll
0x00007ffef8a20000 - 0x00007ffef8a30000 	C:\WINDOWS\System32\UMPDC.dll
0x00007ffefab20000 - 0x00007ffefab72000 	C:\WINDOWS\System32\shlwapi.dll
0x00007ffef8a30000 - 0x00007ffef8a41000 	C:\WINDOWS\System32\kernel.appcore.dll
0x00007ffef8c50000 - 0x00007ffef8c67000 	C:\WINDOWS\System32\cryptsp.dll
0x00007ffef54d0000 - 0x00007ffef54ea000 	C:\Program Files\Java\jre1.8.0_201\bin\net.dll
0x00007ffee7c80000 - 0x00007ffee7e55000 	C:\WINDOWS\SYSTEM32\urlmon.dll
0x00007ffee7f80000 - 0x00007ffee8226000 	C:\WINDOWS\SYSTEM32\iertutil.dll
0x00007ffef8460000 - 0x00007ffef846c000 	C:\WINDOWS\SYSTEM32\CRYPTBASE.DLL
0x00007ffef8290000 - 0x00007ffef82f7000 	C:\WINDOWS\system32\mswsock.dll
0x00007ffef36e0000 - 0x00007ffef36f6000 	C:\WINDOWS\system32\napinsp.dll
0x00007ffef36c0000 - 0x00007ffef36da000 	C:\WINDOWS\system32\pnrpnsp.dll
0x00007ffef7fe0000 - 0x00007ffef80aa000 	C:\WINDOWS\SYSTEM32\DNSAPI.dll
0x00007ffefb4b0000 - 0x00007ffefb4b8000 	C:\WINDOWS\System32\NSI.dll
0x00007ffef7fa0000 - 0x00007ffef7fda000 	C:\WINDOWS\SYSTEM32\IPHLPAPI.DLL
0x00007ffef36b0000 - 0x00007ffef36be000 	C:\WINDOWS\System32\winrnr.dll
0x00007ffef4f90000 - 0x00007ffef4fac000 	C:\WINDOWS\system32\NLAapi.dll
0x00007ffef3ef0000 - 0x00007ffef3f05000 	C:\WINDOWS\system32\wshbth.dll
0x00007ffeeb0b0000 - 0x00007ffeeb0ba000 	C:\Windows\System32\rasadhlp.dll
0x00007ffeecb00000 - 0x00007ffeecb77000 	C:\WINDOWS\System32\fwpuclnt.dll
0x00007ffef9be0000 - 0x00007ffef9c06000 	C:\WINDOWS\System32\bcrypt.dll
0x00007ffeeb550000 - 0x00007ffeeb561000 	C:\Program Files\Java\jre1.8.0_201\bin\nio.dll
0x00007ffef5080000 - 0x00007ffef508d000 	C:\Program Files\Java\jre1.8.0_201\bin\management.dll

VM Arguments:
jvm_args: -javaagent:D:\jee-2019-06\eclipse\configuration\org.eclipse.osgi\925\0\.cp\jacocoagent.jar=includes=*,excludes=,exclclassloader=sun.reflect.DelegatingClassLoader,output=tcpclient,port=51272 -ea -Dfile.encoding=Cp1252 
java_command: org.eclipse.jdt.internal.junit.runner.RemoteTestRunner -version 3 -port 51273 -testLoaderClass org.eclipse.jdt.internal.junit4.runner.JUnit4TestLoader -loaderpluginname org.eclipse.jdt.junit4.runtime -classNames com.ims.service.impl.JobRequirmentServiceImpl
java_class_path (initial): D:\ims_gradle\bin\main;D:\ims_gradle\bin\test;C:\Users\Aarshi\.gradle\caches\modules-2\files-2.1\org.springframework.boot\spring-boot-starter-data-jpa\2.2.4.RELEASE\374fc811a6e64632593cae83fe6786b1b93b574\spring-boot-starter-data-jpa-2.2.4.RELEASE.jar;C:\Users\Aarshi\.gradle\caches\modules-2\files-2.1\mysql\mysql-connector-java\8.0.19\9af69ef0f68eae737351ff55c0ba6e23a06826a5\mysql-connector-java-8.0.19.jar;C:\Users\Aarshi\.gradle\caches\modules-2\files-2.1\com.sun.mail\javax.mail\1.4.5\60c749de4ffdb368356d3db06f9bb34f311824ae\javax.mail-1.4.5.jar;C:\Users\Aarshi\.gradle\caches\modules-2\files-2.1\org.mindrot\jbcrypt\0.4\af7e61017f73abb18ac4e036954f9f28c6366c07\jbcrypt-0.4.jar;C:\Users\Aarshi\.gradle\caches\modules-2\files-2.1\org.jasypt\jasypt\1.4.1\f52a2e7471ce9858ddf622dfd8e078e93bf8252b\jasypt-1.4.1.jar;C:\Users\Aarshi\.gradle\caches\modules-2\files-2.1\org.apache.poi\poi-ooxml\3.11\e87975291fbb65888468b09fda2cf00e2996c2a0\poi-ooxml-3.11.jar;C:\Users\Aarshi\.gradle\caches\modules-2\files-2.1\org.apache.poi\poi\3.11\51058d9db469437a5ed0aa508e7de8937019e1d9\poi-3.11.jar;C:\Users\Aarshi\.gradle\caches\modules-2\files-2.1\org.springframework.boot\spring-boot-starter-thymeleaf\2.2.4.RELEASE\168d71302f3227702e8a2d74841136c6e0814d81\spring-boot-starter-thymeleaf-2.2.4.RELEASE.jar;C:\Users\Aarshi\.gradle\caches\modules-2\files-2.1\org.springframework.boot\spring-boot-starter-web\2.2.4.RELEASE\ec75d01d212b5229c16d872fb127744c0ed46ed8\spring-boot-starter-web-2.2.4.RELEASE.jar;C:\Users\Aarshi\.gradle\caches\modules-2\files-2.1\org.springframework.boot\spring-boot-starter-aop\2.2.4.RELEASE\26fe8208e070eb17e48e101f812c4519103165a\spring-boot-starter-aop-2.2.4.RELEASE.jar;C:\Users\Aarshi\.gradle\caches\modules-2\files-2.1\org.springframework.boot\spring-boot-starter-jdbc\2.2.4.RELEASE\2391d4f6f338b1eee003f0aadfcd4124cd3ed191\spring-boot-starter-jdbc-2.2.4.RELEASE.jar;C:\Users\Aarshi\.gradle\caches\modules-2\files-2.1\org.hibernate\hibernate-core\5.
Launcher Type: SUN_STANDARD

Environment Variables:
PATH=C:/Program Files/Java/jre1.8.0_201/bin/server;C:/Program Files/Java/jre1.8.0_201/bin;C:/Program Files/Java/jre1.8.0_201/lib/amd64;"C:\Program Files (x86)\Common Files\Oracle\Java\javapath\;C:\Program Files\Java\jdk1.8.0_201\bin";C:\Program Files (x86)\Intel\Intel(R) Management Engine Components\iCLS\;C:\Program Files\Intel\Intel(R) Management Engine Components\iCLS\;C:\WINDOWS\system32;C:\WINDOWS;C:\WINDOWS\System32\Wbem;C:\WINDOWS\System32\WindowsPowerShell\v1.0\;C:\WINDOWS\System32\OpenSSH\;C:\Program Files (x86)\Intel\Intel(R) Management Engine Components\DAL;C:\Program Files\Intel\Intel(R) Management Engine Components\DAL;C:\Program Files (x86)\Intel\Intel(R) Management Engine Components\IPT;C:\Program Files\Intel\Intel(R) Management Engine Components\IPT;C:\Program Files\Java\jdk1.8.0_201\bin;C:\Program Files\Git\cmd;C:\Program Files\nodejs\;C:\Users\Aarshi\AppData\Local\Microsoft\WindowsApps;C:\Users\Aarshi\AppData\Roaming\npm;C:\Users\Aarshi\AppData\Local\Programs\Microsoft VS Code\bin;C:\WINDOWS\system32;
USERNAME=Aarshi
OS=Windows_NT
PROCESSOR_IDENTIFIER=Intel64 Family 6 Model 78 Stepping 3, GenuineIntel



---------------  S Y S T E M  ---------------

OS: Windows 10.0 , 64 bit Build 18362 (10.0.18362.329)

CPU:total 4 (initial active 4) (2 cores per cpu, 2 threads per core) family 6 model 78 stepping 3, cmov, cx8, fxsr, mmx, sse, sse2, sse3, ssse3, sse4.1, sse4.2, popcnt, avx, avx2, aes, clmul, erms, 3dnowpref, lzcnt, ht, tsc, tscinvbit, bmi1, bmi2, adx

Memory: 4k page, physical 8277912k(449620k free), swap 33443736k(3312k free)

vm_info: Java HotSpot(TM) 64-Bit Server VM (25.201-b09) for windows-amd64 JRE (1.8.0_201-b09), built on Dec 15 2018 18:36:39 by "java_re" with MS VC++ 10.0 (VS2010)

time: Tue Mar 24 13:13:20 2020
timezone: India Standard Time
elapsed time: 6 seconds (0d 0h 0m 6s)

