#
# There is insufficient memory for the Java Runtime Environment to continue.
# Native memory allocation (malloc) failed to allocate 758416 bytes for Chunk::new
# Possible reasons:
#   The system is out of physical RAM or swap space
#   The process is running with CompressedOops enabled, and the Java Heap may be blocking the growth of the native heap
# Possible solutions:
#   Reduce memory load on the system
#   Increase physical memory or swap space
#   Check if swap backing store is full
#   Decrease Java heap size (-Xmx/-Xms)
#   Decrease number of Java threads
#   Decrease Java thread stack sizes (-Xss)
#   Set larger code cache with -XX:ReservedCodeCacheSize=
#   JVM is running with Unscaled Compressed Oops mode in which the Java heap is
#     placed in the first 4GB address space. The Java Heap base address is the
#     maximum limit for the native heap growth. Please use -XX:HeapBaseMinAddress
#     to set the Java Heap base and to place the Java Heap above 4GB virtual address.
# This output file may be truncated or incomplete.
#
#  Out of Memory Error (allocation.cpp:390), pid=12960, tid=0x0000000000003758
#
# JRE version: Java(TM) SE Runtime Environment (8.0_201-b09) (build 1.8.0_201-b09)
# Java VM: Java HotSpot(TM) 64-Bit Server VM (25.201-b09 mixed mode windows-amd64 compressed oops)
# Failed to write core dump. Minidumps are not enabled by default on client versions of Windows
#

---------------  T H R E A D  ---------------

Current thread (0x00000000192a9000):  JavaThread "C2 CompilerThread0" daemon [_thread_in_native, id=14168, stack(0x0000000019d40000,0x0000000019e40000)]

Stack: [0x0000000019d40000,0x0000000019e40000]
[error occurred during error reporting (printing stack bounds), id 0xc0000005]

Native frames: (J=compiled Java code, j=interpreted, Vv=VM code, C=native code)


Current CompileTask:
C2:   7168 2927       4       org.hibernate.validator.internal.util.TypeHelper::resolveTypes (246 bytes)


---------------  P R O C E S S  ---------------

Java Threads: ( => current thread )
  0x00000000197a1800 JavaThread "ReaderThread" [_thread_in_native, id=2564, stack(0x000000001b320000,0x000000001b420000)]
  0x0000000019343800 JavaThread "Service Thread" daemon [_thread_blocked, id=6752, stack(0x000000001a040000,0x000000001a140000)]
  0x00000000192fd000 JavaThread "C1 CompilerThread2" daemon [_thread_in_native, id=9316, stack(0x0000000019f40000,0x000000001a040000)]
  0x00000000192fc800 JavaThread "C2 CompilerThread1" daemon [_thread_in_native, id=12168, stack(0x0000000019e40000,0x0000000019f40000)]
=>0x00000000192a9000 JavaThread "C2 CompilerThread0" daemon [_thread_in_native, id=14168, stack(0x0000000019d40000,0x0000000019e40000)]
  0x00000000190fc000 JavaThread "org.jacoco.agent.rt.internal_1f1cc91.output.TcpClientOutput" daemon [_thread_in_native, id=10204, stack(0x0000000019c40000,0x0000000019d40000)]
  0x0000000017694800 JavaThread "Attach Listener" daemon [_thread_blocked, id=16132, stack(0x0000000018c00000,0x0000000018d00000)]
  0x0000000017694000 JavaThread "Signal Dispatcher" daemon [_thread_blocked, id=9812, stack(0x0000000018b00000,0x0000000018c00000)]
  0x0000000017680000 JavaThread "Finalizer" daemon [_thread_blocked, id=6196, stack(0x0000000018900000,0x0000000018a00000)]
  0x000000000296a000 JavaThread "Reference Handler" daemon [_thread_blocked, id=13604, stack(0x0000000018800000,0x0000000018900000)]
  0x0000000002874000 JavaThread "main" [_thread_in_Java, id=14760, stack(0x0000000002770000,0x0000000002870000)]

Other Threads:
  0x0000000017657800 VMThread [stack: 0x0000000018700000,0x0000000018800000] [id=8296]
  0x000000001939e000 WatcherThread [stack: 0x000000001a140000,0x000000001a240000] [id=1356]

VM state:not at safepoint (normal execution)

VM Mutex/Monitor currently owned by a thread: None

heap address: 0x0000000081a00000, size: 2022 MB, Compressed Oops mode: 32-bit
Narrow klass base: 0x0000000000000000, Narrow klass shift: 3
Compressed class space size: 1073741824 Address: 0x0000000100000000

Heap:
 PSYoungGen      total 139776K, used 69231K [0x00000000d5e00000, 0x00000000e1f80000, 0x0000000100000000)
  eden space 132608K, 48% used [0x00000000d5e00000,0x00000000d9c30370,0x00000000ddf80000)
  from space 7168K, 77% used [0x00000000ddf80000,0x00000000de4eba10,0x00000000de680000)
  to   space 7168K, 0% used [0x00000000e1880000,0x00000000e1880000,0x00000000e1f80000)
 ParOldGen       total 51712K, used 6030K [0x0000000081a00000, 0x0000000084c80000, 0x00000000d5e00000)
  object space 51712K, 11% used [0x0000000081a00000,0x0000000081fe3938,0x0000000084c80000)
 Metaspace       used 31740K, capacity 32570K, committed 32640K, reserved 1077248K
  class space    used 3950K, capacity 4164K, committed 4224K, reserved 1048576K

Card table byte_map: [0x0000000011f10000,0x0000000012310000] byte_map_base: 0x0000000011b03000

Marking Bits: (ParMarkBitMap*) 0x0000000052b04ce0
 Begin Bits: [0x00000000129c0000, 0x0000000014958000)
 End Bits:   [0x0000000014958000, 0x00000000168f0000)

Polling page: 0x0000000000950000

CodeCache: size=245760Kb used=9703Kb max_used=10458Kb free=236056Kb
 bounds [0x0000000002b50000, 0x0000000003590000, 0x0000000011b50000]
 total_blobs=3168 nmethods=2761 adapters=319
 compilation: enabled

Compilation events (10 events):
Event: 7.105 Thread 0x00000000192fd000 nmethod 3065 0x0000000003013a90 code [0x0000000003013c20, 0x0000000003013ec8]
Event: 7.105 Thread 0x00000000192fd000 3066       3       org.slf4j.impl.StaticLoggerBinder::getLoggerFactory (69 bytes)
Event: 7.106 Thread 0x00000000192fd000 nmethod 3066 0x0000000002e79150 code [0x0000000002e79360, 0x0000000002e79ab8]
Event: 7.106 Thread 0x00000000192fd000 3067       3       ch.qos.logback.classic.LoggerContext::getLogger (15 bytes)
Event: 7.106 Thread 0x00000000192fc800 nmethod 3034% 0x0000000002e78590 code [0x0000000002e786e0, 0x0000000002e78db8]
Event: 7.106 Thread 0x00000000192fd000 nmethod 3067 0x0000000003013550 code [0x00000000030136c0, 0x0000000003013938]
Event: 7.107 Thread 0x00000000192fd000 3068       3       org.springframework.core.ResolvableType::<init> (56 bytes)
Event: 7.108 Thread 0x00000000192fd000 nmethod 3068 0x0000000003012a10 code [0x0000000003012bc0, 0x0000000003013178]
Event: 7.108 Thread 0x00000000192fd000 3069       3       org.springframework.core.convert.support.GenericConversionService$Converters::add (131 bytes)
Event: 7.109 Thread 0x00000000192fd000 nmethod 3069 0x0000000003010fd0 code [0x0000000003011260, 0x0000000003012008]

GC Heap History (10 events):
Event: 4.239 GC heap before
{Heap before GC invocations=6 (full 0):
 PSYoungGen      total 71680K, used 71648K [0x00000000d5e00000, 0x00000000ded00000, 0x0000000100000000)
  eden space 66560K, 100% used [0x00000000d5e00000,0x00000000d9f00000,0x00000000d9f00000)
  from space 5120K, 99% used [0x00000000d9f00000,0x00000000da3f8158,0x00000000da400000)
  to   space 6656K, 0% used [0x00000000de680000,0x00000000de680000,0x00000000ded00000)
 ParOldGen       total 87552K, used 1429K [0x0000000081a00000, 0x0000000086f80000, 0x00000000d5e00000)
  object space 87552K, 1% used [0x0000000081a00000,0x0000000081b656a0,0x0000000086f80000)
 Metaspace       used 18154K, capacity 18496K, committed 18688K, reserved 1064960K
  class space    used 2349K, capacity 2452K, committed 2560K, reserved 1048576K
Event: 4.250 GC heap after
Heap after GC invocations=6 (full 0):
 PSYoungGen      total 139264K, used 6095K [0x00000000d5e00000, 0x00000000dee00000, 0x0000000100000000)
  eden space 132608K, 0% used [0x00000000d5e00000,0x00000000d5e00000,0x00000000ddf80000)
  from space 6656K, 91% used [0x00000000de680000,0x00000000dec73de8,0x00000000ded00000)
  to   space 7168K, 0% used [0x00000000ddf80000,0x00000000ddf80000,0x00000000de680000)
 ParOldGen       total 87552K, used 1437K [0x0000000081a00000, 0x0000000086f80000, 0x00000000d5e00000)
  object space 87552K, 1% used [0x0000000081a00000,0x0000000081b676a0,0x0000000086f80000)
 Metaspace       used 18154K, capacity 18496K, committed 18688K, reserved 1064960K
  class space    used 2349K, capacity 2452K, committed 2560K, reserved 1048576K
}
Event: 4.855 GC heap before
{Heap before GC invocations=7 (full 0):
 PSYoungGen      total 139264K, used 56608K [0x00000000d5e00000, 0x00000000dee00000, 0x0000000100000000)
  eden space 132608K, 38% used [0x00000000d5e00000,0x00000000d8f54480,0x00000000ddf80000)
  from space 6656K, 91% used [0x00000000de680000,0x00000000dec73de8,0x00000000ded00000)
  to   space 7168K, 0% used [0x00000000ddf80000,0x00000000ddf80000,0x00000000de680000)
 ParOldGen       total 87552K, used 1437K [0x0000000081a00000, 0x0000000086f80000, 0x00000000d5e00000)
  object space 87552K, 1% used [0x0000000081a00000,0x0000000081b676a0,0x0000000086f80000)
 Metaspace       used 20741K, capacity 21132K, committed 21248K, reserved 1067008K
  class space    used 2640K, capacity 2760K, committed 2816K, reserved 1048576K
Event: 4.868 GC heap after
Heap after GC invocations=7 (full 0):
 PSYoungGen      total 139776K, used 3740K [0x00000000d5e00000, 0x00000000dee00000, 0x0000000100000000)
  eden space 132608K, 0% used [0x00000000d5e00000,0x00000000d5e00000,0x00000000ddf80000)
  from space 7168K, 52% used [0x00000000ddf80000,0x00000000de327010,0x00000000de680000)
  to   space 6656K, 0% used [0x00000000de680000,0x00000000de680000,0x00000000ded00000)
 ParOldGen       total 87552K, used 3894K [0x0000000081a00000, 0x0000000086f80000, 0x00000000d5e00000)
  object space 87552K, 4% used [0x0000000081a00000,0x0000000081dcda58,0x0000000086f80000)
 Metaspace       used 20741K, capacity 21132K, committed 21248K, reserved 1067008K
  class space    used 2640K, capacity 2760K, committed 2816K, reserved 1048576K
}
Event: 4.868 GC heap before
{Heap before GC invocations=8 (full 1):
 PSYoungGen      total 139776K, used 3740K [0x00000000d5e00000, 0x00000000dee00000, 0x0000000100000000)
  eden space 132608K, 0% used [0x00000000d5e00000,0x00000000d5e00000,0x00000000ddf80000)
  from space 7168K, 52% used [0x00000000ddf80000,0x00000000de327010,0x00000000de680000)
  to   space 6656K, 0% used [0x00000000de680000,0x00000000de680000,0x00000000ded00000)
 ParOldGen       total 87552K, used 3894K [0x0000000081a00000, 0x0000000086f80000, 0x00000000d5e00000)
  object space 87552K, 4% used [0x0000000081a00000,0x0000000081dcda58,0x0000000086f80000)
 Metaspace       used 20741K, capacity 21132K, committed 21248K, reserved 1067008K
  class space    used 2640K, capacity 2760K, committed 2816K, reserved 1048576K
Event: 4.902 GC heap after
Heap after GC invocations=8 (full 1):
 PSYoungGen      total 139776K, used 0K [0x00000000d5e00000, 0x00000000dee00000, 0x0000000100000000)
  eden space 132608K, 0% used [0x00000000d5e00000,0x00000000d5e00000,0x00000000ddf80000)
  from space 7168K, 0% used [0x00000000ddf80000,0x00000000ddf80000,0x00000000de680000)
  to   space 6656K, 0% used [0x00000000de680000,0x00000000de680000,0x00000000ded00000)
 ParOldGen       total 51712K, used 6022K [0x0000000081a00000, 0x0000000084c80000, 0x00000000d5e00000)
  object space 51712K, 11% used [0x0000000081a00000,0x0000000081fe1938,0x0000000084c80000)
 Metaspace       used 20741K, capacity 21132K, committed 21248K, reserved 1067008K
  class space    used 2640K, capacity 2760K, committed 2816K, reserved 1048576K
}
Event: 5.851 GC heap before
{Heap before GC invocations=9 (full 1):
 PSYoungGen      total 139776K, used 132608K [0x00000000d5e00000, 0x00000000dee00000, 0x0000000100000000)
  eden space 132608K, 100% used [0x00000000d5e00000,0x00000000ddf80000,0x00000000ddf80000)
  from space 7168K, 0% used [0x00000000ddf80000,0x00000000ddf80000,0x00000000de680000)
  to   space 6656K, 0% used [0x00000000de680000,0x00000000de680000,0x00000000ded00000)
 ParOldGen       total 51712K, used 6022K [0x0000000081a00000, 0x0000000084c80000, 0x00000000d5e00000)
  object space 51712K, 11% used [0x0000000081a00000,0x0000000081fe1938,0x0000000084c80000)
 Metaspace       used 25371K, capacity 26016K, committed 26240K, reserved 1073152K
  class space    used 3244K, capacity 3429K, committed 3456K, reserved 1048576K
Event: 5.858 GC heap after
Heap after GC invocations=9 (full 1):
 PSYoungGen      total 139264K, used 4710K [0x00000000d5e00000, 0x00000000dee00000, 0x0000000100000000)
  eden space 132608K, 0% used [0x00000000d5e00000,0x00000000d5e00000,0x00000000ddf80000)
  from space 6656K, 70% used [0x00000000de680000,0x00000000deb19ac0,0x00000000ded00000)
  to   space 7168K, 0% used [0x00000000ddf80000,0x00000000ddf80000,0x00000000de680000)
 ParOldGen       total 51712K, used 6022K [0x0000000081a00000, 0x0000000084c80000, 0x00000000d5e00000)
  object space 51712K, 11% used [0x0000000081a00000,0x0000000081fe1938,0x0000000084c80000)
 Metaspace       used 25371K, capacity 26016K, committed 26240K, reserved 1073152K
  class space    used 3244K, capacity 3429K, committed 3456K, reserved 1048576K
}
Event: 6.500 GC heap before
{Heap before GC invocations=10 (full 1):
 PSYoungGen      total 139264K, used 137318K [0x00000000d5e00000, 0x00000000dee00000, 0x0000000100000000)
  eden space 132608K, 100% used [0x00000000d5e00000,0x00000000ddf80000,0x00000000ddf80000)
  from space 6656K, 70% used [0x00000000de680000,0x00000000deb19ac0,0x00000000ded00000)
  to   space 7168K, 0% used [0x00000000ddf80000,0x00000000ddf80000,0x00000000de680000)
 ParOldGen       total 51712K, used 6022K [0x0000000081a00000, 0x0000000084c80000, 0x00000000d5e00000)
  object space 51712K, 11% used [0x0000000081a00000,0x0000000081fe1938,0x0000000084c80000)
 Metaspace       used 29362K, capacity 29986K, committed 30080K, reserved 1075200K
  class space    used 3703K, capacity 3882K, committed 3968K, reserved 1048576K
Event: 6.505 GC heap after
Heap after GC invocations=10 (full 1):
 PSYoungGen      total 139776K, used 5550K [0x00000000d5e00000, 0x00000000e1f80000, 0x0000000100000000)
  eden space 132608K, 0% used [0x00000000d5e00000,0x00000000d5e00000,0x00000000ddf80000)
  from space 7168K, 77% used [0x00000000ddf80000,0x00000000de4eba10,0x00000000de680000)
  to   space 7168K, 0% used [0x00000000e1880000,0x00000000e1880000,0x00000000e1f80000)
 ParOldGen       total 51712K, used 6030K [0x0000000081a00000, 0x0000000084c80000, 0x00000000d5e00000)
  object space 51712K, 11% used [0x0000000081a00000,0x0000000081fe3938,0x0000000084c80000)
 Metaspace       used 29362K, capacity 29986K, committed 30080K, reserved 1075200K
  class space    used 3703K, capacity 3882K, committed 3968K, reserved 1048576K
}

Deoptimization events (10 events):
Event: 6.603 Thread 0x0000000002874000 Uncommon trap: reason=bimorphic action=maybe_recompile pc=0x0000000003475514 method=java.util.regex.Pattern$CharProperty.match(Ljava/util/regex/Matcher;ILjava/lang/CharSequence;)Z @ 37
Event: 6.603 Thread 0x0000000002874000 Uncommon trap: reason=bimorphic action=maybe_recompile pc=0x0000000003475514 method=java.util.regex.Pattern$CharProperty.match(Ljava/util/regex/Matcher;ILjava/lang/CharSequence;)Z @ 37
Event: 6.835 Thread 0x0000000002874000 Uncommon trap: reason=unstable_if action=reinterpret pc=0x0000000003268c40 method=org.jacoco.agent.rt.internal_1f1cc91.asm.ClassReader.computeImplicitFrame(Lorg/jacoco/agent/rt/internal_1f1cc91/asm/Context;)V @ 264
Event: 6.838 Thread 0x0000000002874000 Uncommon trap: reason=class_check action=maybe_recompile pc=0x00000000032d5fc8 method=java.util.concurrent.ConcurrentHashMap.putVal(Ljava/lang/Object;Ljava/lang/Object;Z)Ljava/lang/Object; @ 192
Event: 6.838 Thread 0x0000000002874000 Uncommon trap: reason=class_check action=maybe_recompile pc=0x00000000032d5fc8 method=java.util.concurrent.ConcurrentHashMap.putVal(Ljava/lang/Object;Ljava/lang/Object;Z)Ljava/lang/Object; @ 192
Event: 6.847 Thread 0x0000000002874000 Uncommon trap: reason=unstable_if action=reinterpret pc=0x000000000351b004 method=java.util.concurrent.ConcurrentHashMap.get(Ljava/lang/Object;)Ljava/lang/Object; @ 76
Event: 6.890 Thread 0x0000000002874000 Uncommon trap: reason=class_check action=maybe_recompile pc=0x00000000032d5fc8 method=java.util.concurrent.ConcurrentHashMap.putVal(Ljava/lang/Object;Ljava/lang/Object;Z)Ljava/lang/Object; @ 192
Event: 6.890 Thread 0x0000000002874000 Uncommon trap: reason=class_check action=maybe_recompile pc=0x00000000032d5fc8 method=java.util.concurrent.ConcurrentHashMap.putVal(Ljava/lang/Object;Ljava/lang/Object;Z)Ljava/lang/Object; @ 192
Event: 6.908 Thread 0x0000000002874000 Uncommon trap: reason=unstable_if action=reinterpret pc=0x0000000002e82750 method=org.jacoco.agent.rt.internal_1f1cc91.asm.MethodVisitor.visitIincInsn(II)V @ 4
Event: 6.988 Thread 0x0000000002874000 Uncommon trap: reason=unstable_if action=reinterpret pc=0x0000000002f03278 method=java.util.concurrent.ConcurrentHashMap.putVal(Ljava/lang/Object;Ljava/lang/Object;Z)Ljava/lang/Object; @ 331

Classes redefined (0 events):
No events

Internal exceptions (10 events):
Event: 6.874 Thread 0x0000000002874000 Implicit null exception at 0x0000000002ef1d00 to 0x0000000002ef2526
Event: 6.874 Thread 0x0000000002874000 Exception <a 'java/lang/NullPointerException'> (0x00000000d8a4f118) thrown at [C:\re\workspace\8-2-build-windows-amd64-cygwin\jdk8u201\12322\hotspot\src\share\vm\runtime\sharedRuntime.cpp, line 605]
Event: 6.901 Thread 0x0000000002874000 Implicit null exception at 0x0000000002ef1d00 to 0x0000000002ef2526
Event: 6.901 Thread 0x0000000002874000 Exception <a 'java/lang/NullPointerException'> (0x00000000d8e16a88) thrown at [C:\re\workspace\8-2-build-windows-amd64-cygwin\jdk8u201\12322\hotspot\src\share\vm\runtime\sharedRuntime.cpp, line 605]
Event: 6.909 Thread 0x0000000002874000 Implicit null exception at 0x0000000002ef1d00 to 0x0000000002ef2526
Event: 6.909 Thread 0x0000000002874000 Exception <a 'java/lang/NullPointerException'> (0x00000000d8f2c890) thrown at [C:\re\workspace\8-2-build-windows-amd64-cygwin\jdk8u201\12322\hotspot\src\share\vm\runtime\sharedRuntime.cpp, line 605]
Event: 6.911 Thread 0x0000000002874000 Implicit null exception at 0x0000000002ef1d00 to 0x0000000002ef2526
Event: 6.911 Thread 0x0000000002874000 Exception <a 'java/lang/NullPointerException'> (0x00000000d8f63018) thrown at [C:\re\workspace\8-2-build-windows-amd64-cygwin\jdk8u201\12322\hotspot\src\share\vm\runtime\sharedRuntime.cpp, line 605]
Event: 6.920 Thread 0x0000000002874000 Implicit null exception at 0x0000000002ef1d00 to 0x0000000002ef2526
Event: 6.920 Thread 0x0000000002874000 Exception <a 'java/lang/NullPointerException'> (0x00000000d906c1a0) thrown at [C:\re\workspace\8-2-build-windows-amd64-cygwin\jdk8u201\12322\hotspot\src\share\vm\runtime\sharedRuntime.cpp, line 605]

Events (10 events):
Event: 7.081 loading class org/springframework/restdocs$ManualRestDocumentation
Event: 7.081 loading class org/springframework/restdocs$ManualRestDocumentation done
Event: 7.098 loading class org/springframework/restdocs/ManualRestDocumentation
Event: 7.098 loading class org/springframework/restdocs/ManualRestDocumentation done
Event: 7.099 loading class org/springframework/restdocs$ManualRestDocumentation
Event: 7.099 loading class org/springframework/restdocs$ManualRestDocumentation done
Event: 7.111 loading class javax/money/MonetaryAmount
Event: 7.111 loading class javax/money/MonetaryAmount done
Event: 7.111 loading class org/joda/time/ReadableInstant
Event: 7.111 loading class org/joda/time/ReadableInstant done


Dynamic libraries:
0x00007ff664230000 - 0x00007ff664267000 	C:\Program Files\Java\jre1.8.0_201\bin\javaw.exe
0x00007ffefbb60000 - 0x00007ffefbd50000 	C:\WINDOWS\SYSTEM32\ntdll.dll
0x00007ffefba60000 - 0x00007ffefbb12000 	C:\WINDOWS\System32\KERNEL32.DLL
0x00007ffef9840000 - 0x00007ffef9ae3000 	C:\WINDOWS\System32\KERNELBASE.dll
0x00007ffefb2b0000 - 0x00007ffefb353000 	C:\WINDOWS\System32\ADVAPI32.dll
0x00007ffefaa80000 - 0x00007ffefab1e000 	C:\WINDOWS\System32\msvcrt.dll
0x00007ffefb1f0000 - 0x00007ffefb287000 	C:\WINDOWS\System32\sechost.dll
0x00007ffefb360000 - 0x00007ffefb480000 	C:\WINDOWS\System32\RPCRT4.dll
0x00007ffefac20000 - 0x00007ffefadb4000 	C:\WINDOWS\System32\USER32.dll
0x00007ffef8e10000 - 0x00007ffef8e31000 	C:\WINDOWS\System32\win32u.dll
0x00007ffefb480000 - 0x00007ffefb4a6000 	C:\WINDOWS\System32\GDI32.dll
0x00007ffef8c70000 - 0x00007ffef8e04000 	C:\WINDOWS\System32\gdi32full.dll
0x00007ffef9af0000 - 0x00007ffef9b8e000 	C:\WINDOWS\System32\msvcp_win.dll
0x00007ffef8af0000 - 0x00007ffef8bea000 	C:\WINDOWS\System32\ucrtbase.dll
0x00007ffeea8e0000 - 0x00007ffeeab65000 	C:\WINDOWS\WinSxS\amd64_microsoft.windows.common-controls_6595b64144ccf1df_6.0.18362.720_none_e6beb5c51314836b\COMCTL32.dll
0x00007ffefaeb0000 - 0x00007ffefb1e6000 	C:\WINDOWS\System32\combase.dll
0x00007ffef9670000 - 0x00007ffef96f0000 	C:\WINDOWS\System32\bcryptPrimitives.dll
0x00007ffefab80000 - 0x00007ffefabae000 	C:\WINDOWS\System32\IMM32.DLL
0x0000000052120000 - 0x00000000521f1000 	C:\Program Files\Java\jre1.8.0_201\bin\msvcr100.dll
0x00000000522e0000 - 0x0000000052b84000 	C:\Program Files\Java\jre1.8.0_201\bin\server\jvm.dll
0x00007ffefa9c0000 - 0x00007ffefa9c8000 	C:\WINDOWS\System32\PSAPI.DLL
0x00007ffef5410000 - 0x00007ffef5434000 	C:\WINDOWS\SYSTEM32\WINMM.dll
0x00007ffeeb570000 - 0x00007ffeeb57a000 	C:\WINDOWS\SYSTEM32\VERSION.dll
0x00007ffed6510000 - 0x00007ffed6519000 	C:\WINDOWS\SYSTEM32\WSOCK32.dll
0x00007ffefadc0000 - 0x00007ffefae2f000 	C:\WINDOWS\System32\WS2_32.dll
0x00007ffef53e0000 - 0x00007ffef540d000 	C:\WINDOWS\SYSTEM32\winmmbase.dll
0x00007ffef9b90000 - 0x00007ffef9bda000 	C:\WINDOWS\System32\cfgmgr32.dll
0x00007ffec7e60000 - 0x00007ffec7e6f000 	C:\Program Files\Java\jre1.8.0_201\bin\verify.dll
0x00007ffec7e30000 - 0x00007ffec7e59000 	C:\Program Files\Java\jre1.8.0_201\bin\java.dll
0x00007ffef4fd0000 - 0x00007ffef4ff3000 	C:\Program Files\Java\jre1.8.0_201\bin\instrument.dll
0x00007ffec7e10000 - 0x00007ffec7e26000 	C:\Program Files\Java\jre1.8.0_201\bin\zip.dll
0x00007ffef9c10000 - 0x00007ffefa2f5000 	C:\WINDOWS\System32\SHELL32.dll
0x00007ffefa360000 - 0x00007ffefa409000 	C:\WINDOWS\System32\shcore.dll
0x00007ffef8ef0000 - 0x00007ffef9670000 	C:\WINDOWS\System32\windows.storage.dll
0x00007ffef8ac0000 - 0x00007ffef8ae3000 	C:\WINDOWS\System32\profapi.dll
0x00007ffef8a50000 - 0x00007ffef8a9a000 	C:\WINDOWS\System32\powrprof.dll
0x00007ffef8a20000 - 0x00007ffef8a30000 	C:\WINDOWS\System32\UMPDC.dll
0x00007ffefab20000 - 0x00007ffefab72000 	C:\WINDOWS\System32\shlwapi.dll
0x00007ffef8a30000 - 0x00007ffef8a41000 	C:\WINDOWS\System32\kernel.appcore.dll
0x00007ffef8c50000 - 0x00007ffef8c67000 	C:\WINDOWS\System32\cryptsp.dll
0x00007ffec7cc0000 - 0x00007ffec7cda000 	C:\Program Files\Java\jre1.8.0_201\bin\net.dll
0x00007ffee7c80000 - 0x00007ffee7e55000 	C:\WINDOWS\SYSTEM32\urlmon.dll
0x00007ffee7f80000 - 0x00007ffee8226000 	C:\WINDOWS\SYSTEM32\iertutil.dll
0x00007ffef8460000 - 0x00007ffef846c000 	C:\WINDOWS\SYSTEM32\CRYPTBASE.DLL
0x00007ffef8290000 - 0x00007ffef82f7000 	C:\WINDOWS\system32\mswsock.dll
0x00007ffef36e0000 - 0x00007ffef36f6000 	C:\WINDOWS\system32\napinsp.dll
0x00007ffef36c0000 - 0x00007ffef36da000 	C:\WINDOWS\system32\pnrpnsp.dll
0x00007ffef7fe0000 - 0x00007ffef80aa000 	C:\WINDOWS\SYSTEM32\DNSAPI.dll
0x00007ffefb4b0000 - 0x00007ffefb4b8000 	C:\WINDOWS\System32\NSI.dll
0x00007ffef7fa0000 - 0x00007ffef7fda000 	C:\WINDOWS\SYSTEM32\IPHLPAPI.DLL
0x00007ffef36b0000 - 0x00007ffef36be000 	C:\WINDOWS\System32\winrnr.dll
0x00007ffef4f90000 - 0x00007ffef4fac000 	C:\WINDOWS\system32\NLAapi.dll
0x00007ffef3ef0000 - 0x00007ffef3f05000 	C:\WINDOWS\system32\wshbth.dll
0x00007ffeeb0b0000 - 0x00007ffeeb0ba000 	C:\Windows\System32\rasadhlp.dll
0x00007ffeecb00000 - 0x00007ffeecb77000 	C:\WINDOWS\System32\fwpuclnt.dll
0x00007ffef9be0000 - 0x00007ffef9c06000 	C:\WINDOWS\System32\bcrypt.dll

VM Arguments:
jvm_args: -javaagent:D:\jee-2019-06\eclipse\configuration\org.eclipse.osgi\925\0\.cp\jacocoagent.jar=includes=*,excludes=,exclclassloader=sun.reflect.DelegatingClassLoader,output=tcpclient,port=51227 -ea -Dfile.encoding=Cp1252 
java_command: org.eclipse.jdt.internal.junit.runner.RemoteTestRunner -version 3 -port 51228 -testLoaderClass org.eclipse.jdt.internal.junit4.runner.JUnit4TestLoader -loaderpluginname org.eclipse.jdt.junit4.runtime -classNames com.ims.controller.JobRequirmentControllerTest
java_class_path (initial): D:\ims_gradle\bin\main;D:\ims_gradle\bin\test;C:\Users\Aarshi\.gradle\caches\modules-2\files-2.1\org.springframework.boot\spring-boot-starter-data-jpa\2.2.4.RELEASE\374fc811a6e64632593cae83fe6786b1b93b574\spring-boot-starter-data-jpa-2.2.4.RELEASE.jar;C:\Users\Aarshi\.gradle\caches\modules-2\files-2.1\mysql\mysql-connector-java\8.0.19\9af69ef0f68eae737351ff55c0ba6e23a06826a5\mysql-connector-java-8.0.19.jar;C:\Users\Aarshi\.gradle\caches\modules-2\files-2.1\com.sun.mail\javax.mail\1.4.5\60c749de4ffdb368356d3db06f9bb34f311824ae\javax.mail-1.4.5.jar;C:\Users\Aarshi\.gradle\caches\modules-2\files-2.1\org.mindrot\jbcrypt\0.4\af7e61017f73abb18ac4e036954f9f28c6366c07\jbcrypt-0.4.jar;C:\Users\Aarshi\.gradle\caches\modules-2\files-2.1\org.jasypt\jasypt\1.4.1\f52a2e7471ce9858ddf622dfd8e078e93bf8252b\jasypt-1.4.1.jar;C:\Users\Aarshi\.gradle\caches\modules-2\files-2.1\org.apache.poi\poi-ooxml\3.11\e87975291fbb65888468b09fda2cf00e2996c2a0\poi-ooxml-3.11.jar;C:\Users\Aarshi\.gradle\caches\modules-2\files-2.1\org.apache.poi\poi\3.11\51058d9db469437a5ed0aa508e7de8937019e1d9\poi-3.11.jar;C:\Users\Aarshi\.gradle\caches\modules-2\files-2.1\org.springframework.boot\spring-boot-starter-thymeleaf\2.2.4.RELEASE\168d71302f3227702e8a2d74841136c6e0814d81\spring-boot-starter-thymeleaf-2.2.4.RELEASE.jar;C:\Users\Aarshi\.gradle\caches\modules-2\files-2.1\org.springframework.boot\spring-boot-starter-web\2.2.4.RELEASE\ec75d01d212b5229c16d872fb127744c0ed46ed8\spring-boot-starter-web-2.2.4.RELEASE.jar;C:\Users\Aarshi\.gradle\caches\modules-2\files-2.1\org.springframework.boot\spring-boot-starter-aop\2.2.4.RELEASE\26fe8208e070eb17e48e101f812c4519103165a\spring-boot-starter-aop-2.2.4.RELEASE.jar;C:\Users\Aarshi\.gradle\caches\modules-2\files-2.1\org.springframework.boot\spring-boot-starter-jdbc\2.2.4.RELEASE\2391d4f6f338b1eee003f0aadfcd4124cd3ed191\spring-boot-starter-jdbc-2.2.4.RELEASE.jar;C:\Users\Aarshi\.gradle\caches\modules-2\files-2.1\org.hibernate\hibernate-core\5.
Launcher Type: SUN_STANDARD

Environment Variables:
PATH=C:/Program Files/Java/jre1.8.0_201/bin/server;C:/Program Files/Java/jre1.8.0_201/bin;C:/Program Files/Java/jre1.8.0_201/lib/amd64;"C:\Program Files (x86)\Common Files\Oracle\Java\javapath\;C:\Program Files\Java\jdk1.8.0_201\bin";C:\Program Files (x86)\Intel\Intel(R) Management Engine Components\iCLS\;C:\Program Files\Intel\Intel(R) Management Engine Components\iCLS\;C:\WINDOWS\system32;C:\WINDOWS;C:\WINDOWS\System32\Wbem;C:\WINDOWS\System32\WindowsPowerShell\v1.0\;C:\WINDOWS\System32\OpenSSH\;C:\Program Files (x86)\Intel\Intel(R) Management Engine Components\DAL;C:\Program Files\Intel\Intel(R) Management Engine Components\DAL;C:\Program Files (x86)\Intel\Intel(R) Management Engine Components\IPT;C:\Program Files\Intel\Intel(R) Management Engine Components\IPT;C:\Program Files\Java\jdk1.8.0_201\bin;C:\Program Files\Git\cmd;C:\Program Files\nodejs\;C:\Users\Aarshi\AppData\Local\Microsoft\WindowsApps;C:\Users\Aarshi\AppData\Roaming\npm;C:\Users\Aarshi\AppData\Local\Programs\Microsoft VS Code\bin;C:\WINDOWS\system32;
USERNAME=Aarshi
OS=Windows_NT
PROCESSOR_IDENTIFIER=Intel64 Family 6 Model 78 Stepping 3, GenuineIntel



---------------  S Y S T E M  ---------------

OS: Windows 10.0 , 64 bit Build 18362 (10.0.18362.329)

CPU:total 4 (initial active 4) (2 cores per cpu, 2 threads per core) family 6 model 78 stepping 3, cmov, cx8, fxsr, mmx, sse, sse2, sse3, ssse3, sse4.1, sse4.2, popcnt, avx, avx2, aes, clmul, erms, 3dnowpref, lzcnt, ht, tsc, tscinvbit, bmi1, bmi2, adx

Memory: 4k page, physical 8277912k(280008k free), swap 33443736k(5120k free)

vm_info: Java HotSpot(TM) 64-Bit Server VM (25.201-b09) for windows-amd64 JRE (1.8.0_201-b09), built on Dec 15 2018 18:36:39 by "java_re" with MS VC++ 10.0 (VS2010)

time: Tue Mar 24 13:05:01 2020
timezone: India Standard Time
elapsed time: 7 seconds (0d 0h 0m 7s)

